09:59:50.769 [http-nio-8080-exec-2] ERROR org.apache.catalina.core.ContainerBase.[Tomcat].[localhost] - Exception Processing ErrorPage[errorCode=0, location=/error]
java.lang.NoSuchMethodError: javax.servlet.http.HttpServletRequest.getHttpServletMapping()Ljavax/servlet/http/HttpServletMapping;
	at org.apache.catalina.core.ApplicationHttpRequest.setRequest(ApplicationHttpRequest.java:709) ~[tomcat-embed-core-9.0.39.jar:9.0.39]
	at org.apache.catalina.core.ApplicationHttpRequest.<init>(ApplicationHttpRequest.java:115) ~[tomcat-embed-core-9.0.39.jar:9.0.39]
	at org.apache.catalina.core.ApplicationDispatcher.wrapRequest(ApplicationDispatcher.java:911) ~[tomcat-embed-core-9.0.39.jar:9.0.39]
	at org.apache.catalina.core.ApplicationDispatcher.doForward(ApplicationDispatcher.java:358) ~[tomcat-embed-core-9.0.39.jar:9.0.39]
	at org.apache.catalina.core.ApplicationDispatcher.forward(ApplicationDispatcher.java:312) ~[tomcat-embed-core-9.0.39.jar:9.0.39]
	at org.apache.catalina.core.StandardHostValve.custom(StandardHostValve.java:398) [tomcat-embed-core-9.0.39.jar:9.0.39]
	at org.apache.catalina.core.StandardHostValve.status(StandardHostValve.java:257) [tomcat-embed-core-9.0.39.jar:9.0.39]
	at org.apache.catalina.core.StandardHostValve.invoke(StandardHostValve.java:179) [tomcat-embed-core-9.0.39.jar:9.0.39]
	at org.apache.catalina.valves.ErrorReportValve.invoke(ErrorReportValve.java:92) [tomcat-embed-core-9.0.39.jar:9.0.39]
	at org.apache.catalina.core.StandardEngineValve.invoke(StandardEngineValve.java:78) [tomcat-embed-core-9.0.39.jar:9.0.39]
	at org.apache.catalina.connector.CoyoteAdapter.service(CoyoteAdapter.java:343) [tomcat-embed-core-9.0.39.jar:9.0.39]
	at org.apache.coyote.http11.Http11Processor.service(Http11Processor.java:374) [tomcat-embed-core-9.0.39.jar:9.0.39]
	at org.apache.coyote.AbstractProcessorLight.process(AbstractProcessorLight.java:65) [tomcat-embed-core-9.0.39.jar:9.0.39]
	at org.apache.coyote.AbstractProtocol$ConnectionHandler.process(AbstractProtocol.java:868) [tomcat-embed-core-9.0.39.jar:9.0.39]
	at org.apache.tomcat.util.net.NioEndpoint$SocketProcessor.doRun(NioEndpoint.java:1590) [tomcat-embed-core-9.0.39.jar:9.0.39]
	at org.apache.tomcat.util.net.SocketProcessorBase.run(SocketProcessorBase.java:49) [tomcat-embed-core-9.0.39.jar:9.0.39]
	at java.util.concurrent.ThreadPoolExecutor.runWorker(ThreadPoolExecutor.java:1142) [?:1.8.0_102]
	at java.util.concurrent.ThreadPoolExecutor$Worker.run(ThreadPoolExecutor.java:617) [?:1.8.0_102]
	at org.apache.tomcat.util.threads.TaskThread$WrappingRunnable.run(TaskThread.java:61) [tomcat-embed-core-9.0.39.jar:9.0.39]
	at java.lang.Thread.run(Thread.java:745) [?:1.8.0_102]
10:25:45.043 [main] ERROR org.apache.catalina.core.ContainerBase.[Tomcat].[localhost].[/] - Failed to destroy the filter named [Tomcat WebSocket (JSR356) Filter] of type [org.apache.tomcat.websocket.server.WsFilter]
java.lang.AbstractMethodError: null
	at org.apache.catalina.core.ApplicationFilterConfig.release(ApplicationFilterConfig.java:301) [tomcat-embed-core-9.0.39.jar:9.0.39]
	at org.apache.catalina.core.StandardContext.filterStop(StandardContext.java:4598) [tomcat-embed-core-9.0.39.jar:9.0.39]
	at org.apache.catalina.core.StandardContext.stopInternal(StandardContext.java:5425) [tomcat-embed-core-9.0.39.jar:9.0.39]
	at org.apache.catalina.util.LifecycleBase.stop(LifecycleBase.java:257) [tomcat-embed-core-9.0.39.jar:9.0.39]
	at org.apache.catalina.core.ContainerBase$StopChild.call(ContainerBase.java:1400) [tomcat-embed-core-9.0.39.jar:9.0.39]
	at org.apache.catalina.core.ContainerBase$StopChild.call(ContainerBase.java:1389) [tomcat-embed-core-9.0.39.jar:9.0.39]
	at java.util.concurrent.FutureTask.run$$$capture(FutureTask.java:266) [?:1.8.0_102]
	at java.util.concurrent.FutureTask.run(FutureTask.java) [?:1.8.0_102]
	at org.apache.tomcat.util.threads.InlineExecutorService.execute(InlineExecutorService.java:75) [tomcat-embed-core-9.0.39.jar:9.0.39]
	at java.util.concurrent.AbstractExecutorService.submit(AbstractExecutorService.java:134) [?:1.8.0_102]
	at org.apache.catalina.core.ContainerBase.stopInternal(ContainerBase.java:976) [tomcat-embed-core-9.0.39.jar:9.0.39]
	at org.apache.catalina.util.LifecycleBase.stop(LifecycleBase.java:257) [tomcat-embed-core-9.0.39.jar:9.0.39]
	at org.apache.catalina.core.ContainerBase$StopChild.call(ContainerBase.java:1400) [tomcat-embed-core-9.0.39.jar:9.0.39]
	at org.apache.catalina.core.ContainerBase$StopChild.call(ContainerBase.java:1389) [tomcat-embed-core-9.0.39.jar:9.0.39]
	at java.util.concurrent.FutureTask.run$$$capture(FutureTask.java:266) [?:1.8.0_102]
	at java.util.concurrent.FutureTask.run(FutureTask.java) [?:1.8.0_102]
	at org.apache.tomcat.util.threads.InlineExecutorService.execute(InlineExecutorService.java:75) [tomcat-embed-core-9.0.39.jar:9.0.39]
	at java.util.concurrent.AbstractExecutorService.submit(AbstractExecutorService.java:134) [?:1.8.0_102]
	at org.apache.catalina.core.ContainerBase.stopInternal(ContainerBase.java:976) [tomcat-embed-core-9.0.39.jar:9.0.39]
	at org.apache.catalina.util.LifecycleBase.stop(LifecycleBase.java:257) [tomcat-embed-core-9.0.39.jar:9.0.39]
	at org.apache.catalina.core.StandardService.stopInternal(StandardService.java:473) [tomcat-embed-core-9.0.39.jar:9.0.39]
	at org.apache.catalina.util.LifecycleBase.stop(LifecycleBase.java:257) [tomcat-embed-core-9.0.39.jar:9.0.39]
	at org.apache.catalina.core.StandardServer.stopInternal(StandardServer.java:992) [tomcat-embed-core-9.0.39.jar:9.0.39]
	at org.apache.catalina.util.LifecycleBase.stop(LifecycleBase.java:257) [tomcat-embed-core-9.0.39.jar:9.0.39]
	at org.apache.catalina.startup.Tomcat.stop(Tomcat.java:496) [tomcat-embed-core-9.0.39.jar:9.0.39]
	at org.springframework.boot.web.embedded.tomcat.TomcatWebServer.stopTomcat(TomcatWebServer.java:273) [spring-boot-2.3.5.RELEASE.jar:2.3.5.RELEASE]
	at org.springframework.boot.web.embedded.tomcat.TomcatWebServer.stop(TomcatWebServer.java:331) [spring-boot-2.3.5.RELEASE.jar:2.3.5.RELEASE]
	at org.springframework.boot.web.servlet.context.ServletWebServerApplicationContext.refresh(ServletWebServerApplicationContext.java:148) [spring-boot-2.3.5.RELEASE.jar:2.3.5.RELEASE]
	at org.springframework.boot.SpringApplication.refresh(SpringApplication.java:758) [spring-boot-2.3.5.RELEASE.jar:2.3.5.RELEASE]
	at org.springframework.boot.SpringApplication.refresh(SpringApplication.java:750) [spring-boot-2.3.5.RELEASE.jar:2.3.5.RELEASE]
	at org.springframework.boot.SpringApplication.refreshContext(SpringApplication.java:405) [spring-boot-2.3.5.RELEASE.jar:2.3.5.RELEASE]
	at org.springframework.boot.SpringApplication.run(SpringApplication.java:315) [spring-boot-2.3.5.RELEASE.jar:2.3.5.RELEASE]
	at org.springframework.boot.SpringApplication.run(SpringApplication.java:1237) [spring-boot-2.3.5.RELEASE.jar:2.3.5.RELEASE]
	at org.springframework.boot.SpringApplication.run(SpringApplication.java:1226) [spring-boot-2.3.5.RELEASE.jar:2.3.5.RELEASE]
	at com.example.demo.DemoApplication.main(DemoApplication.java:16) [classes/:?]
10:28:22.027 [main] ERROR org.apache.catalina.core.ContainerBase.[Tomcat].[localhost].[/] - Failed to destroy the filter named [Tomcat WebSocket (JSR356) Filter] of type [org.apache.tomcat.websocket.server.WsFilter]
java.lang.AbstractMethodError: null
	at org.apache.catalina.core.ApplicationFilterConfig.release(ApplicationFilterConfig.java:301) [tomcat-embed-core-9.0.39.jar:9.0.39]
	at org.apache.catalina.core.StandardContext.filterStop(StandardContext.java:4598) [tomcat-embed-core-9.0.39.jar:9.0.39]
	at org.apache.catalina.core.StandardContext.stopInternal(StandardContext.java:5425) [tomcat-embed-core-9.0.39.jar:9.0.39]
	at org.apache.catalina.util.LifecycleBase.stop(LifecycleBase.java:257) [tomcat-embed-core-9.0.39.jar:9.0.39]
	at org.apache.catalina.core.ContainerBase$StopChild.call(ContainerBase.java:1400) [tomcat-embed-core-9.0.39.jar:9.0.39]
	at org.apache.catalina.core.ContainerBase$StopChild.call(ContainerBase.java:1389) [tomcat-embed-core-9.0.39.jar:9.0.39]
	at java.util.concurrent.FutureTask.run$$$capture(FutureTask.java:266) [?:1.8.0_102]
	at java.util.concurrent.FutureTask.run(FutureTask.java) [?:1.8.0_102]
	at org.apache.tomcat.util.threads.InlineExecutorService.execute(InlineExecutorService.java:75) [tomcat-embed-core-9.0.39.jar:9.0.39]
	at java.util.concurrent.AbstractExecutorService.submit(AbstractExecutorService.java:134) [?:1.8.0_102]
	at org.apache.catalina.core.ContainerBase.stopInternal(ContainerBase.java:976) [tomcat-embed-core-9.0.39.jar:9.0.39]
	at org.apache.catalina.util.LifecycleBase.stop(LifecycleBase.java:257) [tomcat-embed-core-9.0.39.jar:9.0.39]
	at org.apache.catalina.core.ContainerBase$StopChild.call(ContainerBase.java:1400) [tomcat-embed-core-9.0.39.jar:9.0.39]
	at org.apache.catalina.core.ContainerBase$StopChild.call(ContainerBase.java:1389) [tomcat-embed-core-9.0.39.jar:9.0.39]
	at java.util.concurrent.FutureTask.run$$$capture(FutureTask.java:266) [?:1.8.0_102]
	at java.util.concurrent.FutureTask.run(FutureTask.java) [?:1.8.0_102]
	at org.apache.tomcat.util.threads.InlineExecutorService.execute(InlineExecutorService.java:75) [tomcat-embed-core-9.0.39.jar:9.0.39]
	at java.util.concurrent.AbstractExecutorService.submit(AbstractExecutorService.java:134) [?:1.8.0_102]
	at org.apache.catalina.core.ContainerBase.stopInternal(ContainerBase.java:976) [tomcat-embed-core-9.0.39.jar:9.0.39]
	at org.apache.catalina.util.LifecycleBase.stop(LifecycleBase.java:257) [tomcat-embed-core-9.0.39.jar:9.0.39]
	at org.apache.catalina.core.StandardService.stopInternal(StandardService.java:473) [tomcat-embed-core-9.0.39.jar:9.0.39]
	at org.apache.catalina.util.LifecycleBase.stop(LifecycleBase.java:257) [tomcat-embed-core-9.0.39.jar:9.0.39]
	at org.apache.catalina.core.StandardServer.stopInternal(StandardServer.java:992) [tomcat-embed-core-9.0.39.jar:9.0.39]
	at org.apache.catalina.util.LifecycleBase.stop(LifecycleBase.java:257) [tomcat-embed-core-9.0.39.jar:9.0.39]
	at org.apache.catalina.startup.Tomcat.stop(Tomcat.java:496) [tomcat-embed-core-9.0.39.jar:9.0.39]
	at org.springframework.boot.web.embedded.tomcat.TomcatWebServer.stopTomcat(TomcatWebServer.java:273) [spring-boot-2.3.5.RELEASE.jar:2.3.5.RELEASE]
	at org.springframework.boot.web.embedded.tomcat.TomcatWebServer.stop(TomcatWebServer.java:331) [spring-boot-2.3.5.RELEASE.jar:2.3.5.RELEASE]
	at org.springframework.boot.web.servlet.context.ServletWebServerApplicationContext.refresh(ServletWebServerApplicationContext.java:148) [spring-boot-2.3.5.RELEASE.jar:2.3.5.RELEASE]
	at org.springframework.boot.SpringApplication.refresh(SpringApplication.java:758) [spring-boot-2.3.5.RELEASE.jar:2.3.5.RELEASE]
	at org.springframework.boot.SpringApplication.refresh(SpringApplication.java:750) [spring-boot-2.3.5.RELEASE.jar:2.3.5.RELEASE]
	at org.springframework.boot.SpringApplication.refreshContext(SpringApplication.java:405) [spring-boot-2.3.5.RELEASE.jar:2.3.5.RELEASE]
	at org.springframework.boot.SpringApplication.run(SpringApplication.java:315) [spring-boot-2.3.5.RELEASE.jar:2.3.5.RELEASE]
	at org.springframework.boot.SpringApplication.run(SpringApplication.java:1237) [spring-boot-2.3.5.RELEASE.jar:2.3.5.RELEASE]
	at org.springframework.boot.SpringApplication.run(SpringApplication.java:1226) [spring-boot-2.3.5.RELEASE.jar:2.3.5.RELEASE]
	at com.example.demo.DemoApplication.main(DemoApplication.java:16) [classes/:?]
10:29:01.964 [main] ERROR org.apache.catalina.core.ContainerBase.[Tomcat].[localhost].[/] - Failed to destroy the filter named [Tomcat WebSocket (JSR356) Filter] of type [org.apache.tomcat.websocket.server.WsFilter]
java.lang.AbstractMethodError: null
	at org.apache.catalina.core.ApplicationFilterConfig.release(ApplicationFilterConfig.java:301) [tomcat-embed-core-9.0.39.jar:9.0.39]
	at org.apache.catalina.core.StandardContext.filterStop(StandardContext.java:4598) [tomcat-embed-core-9.0.39.jar:9.0.39]
	at org.apache.catalina.core.StandardContext.stopInternal(StandardContext.java:5425) [tomcat-embed-core-9.0.39.jar:9.0.39]
	at org.apache.catalina.util.LifecycleBase.stop(LifecycleBase.java:257) [tomcat-embed-core-9.0.39.jar:9.0.39]
	at org.apache.catalina.core.ContainerBase$StopChild.call(ContainerBase.java:1400) [tomcat-embed-core-9.0.39.jar:9.0.39]
	at org.apache.catalina.core.ContainerBase$StopChild.call(ContainerBase.java:1389) [tomcat-embed-core-9.0.39.jar:9.0.39]
	at java.util.concurrent.FutureTask.run(FutureTask.java:266) [?:1.8.0_102]
	at org.apache.tomcat.util.threads.InlineExecutorService.execute(InlineExecutorService.java:75) [tomcat-embed-core-9.0.39.jar:9.0.39]
	at java.util.concurrent.AbstractExecutorService.submit(AbstractExecutorService.java:134) [?:1.8.0_102]
	at org.apache.catalina.core.ContainerBase.stopInternal(ContainerBase.java:976) [tomcat-embed-core-9.0.39.jar:9.0.39]
	at org.apache.catalina.util.LifecycleBase.stop(LifecycleBase.java:257) [tomcat-embed-core-9.0.39.jar:9.0.39]
	at org.apache.catalina.core.ContainerBase$StopChild.call(ContainerBase.java:1400) [tomcat-embed-core-9.0.39.jar:9.0.39]
	at org.apache.catalina.core.ContainerBase$StopChild.call(ContainerBase.java:1389) [tomcat-embed-core-9.0.39.jar:9.0.39]
	at java.util.concurrent.FutureTask.run(FutureTask.java:266) [?:1.8.0_102]
	at org.apache.tomcat.util.threads.InlineExecutorService.execute(InlineExecutorService.java:75) [tomcat-embed-core-9.0.39.jar:9.0.39]
	at java.util.concurrent.AbstractExecutorService.submit(AbstractExecutorService.java:134) [?:1.8.0_102]
	at org.apache.catalina.core.ContainerBase.stopInternal(ContainerBase.java:976) [tomcat-embed-core-9.0.39.jar:9.0.39]
	at org.apache.catalina.util.LifecycleBase.stop(LifecycleBase.java:257) [tomcat-embed-core-9.0.39.jar:9.0.39]
	at org.apache.catalina.core.StandardService.stopInternal(StandardService.java:473) [tomcat-embed-core-9.0.39.jar:9.0.39]
	at org.apache.catalina.util.LifecycleBase.stop(LifecycleBase.java:257) [tomcat-embed-core-9.0.39.jar:9.0.39]
	at org.apache.catalina.core.StandardServer.stopInternal(StandardServer.java:992) [tomcat-embed-core-9.0.39.jar:9.0.39]
	at org.apache.catalina.util.LifecycleBase.stop(LifecycleBase.java:257) [tomcat-embed-core-9.0.39.jar:9.0.39]
	at org.apache.catalina.startup.Tomcat.stop(Tomcat.java:496) [tomcat-embed-core-9.0.39.jar:9.0.39]
	at org.springframework.boot.web.embedded.tomcat.TomcatWebServer.stopTomcat(TomcatWebServer.java:273) [spring-boot-2.3.5.RELEASE.jar:2.3.5.RELEASE]
	at org.springframework.boot.web.embedded.tomcat.TomcatWebServer.stop(TomcatWebServer.java:331) [spring-boot-2.3.5.RELEASE.jar:2.3.5.RELEASE]
	at org.springframework.boot.web.servlet.context.ServletWebServerApplicationContext.refresh(ServletWebServerApplicationContext.java:148) [spring-boot-2.3.5.RELEASE.jar:2.3.5.RELEASE]
	at org.springframework.boot.SpringApplication.refresh(SpringApplication.java:758) [spring-boot-2.3.5.RELEASE.jar:2.3.5.RELEASE]
	at org.springframework.boot.SpringApplication.refresh(SpringApplication.java:750) [spring-boot-2.3.5.RELEASE.jar:2.3.5.RELEASE]
	at org.springframework.boot.SpringApplication.refreshContext(SpringApplication.java:405) [spring-boot-2.3.5.RELEASE.jar:2.3.5.RELEASE]
	at org.springframework.boot.SpringApplication.run(SpringApplication.java:315) [spring-boot-2.3.5.RELEASE.jar:2.3.5.RELEASE]
	at org.springframework.boot.SpringApplication.run(SpringApplication.java:1237) [spring-boot-2.3.5.RELEASE.jar:2.3.5.RELEASE]
	at org.springframework.boot.SpringApplication.run(SpringApplication.java:1226) [spring-boot-2.3.5.RELEASE.jar:2.3.5.RELEASE]
	at com.example.demo.DemoApplication.main(DemoApplication.java:16) [classes/:?]
10:36:56.491 [main] ERROR org.apache.catalina.core.ContainerBase.[Tomcat].[localhost].[/] - Failed to destroy the filter named [Tomcat WebSocket (JSR356) Filter] of type [org.apache.tomcat.websocket.server.WsFilter]
java.lang.AbstractMethodError: null
	at org.apache.catalina.core.ApplicationFilterConfig.release(ApplicationFilterConfig.java:301) [tomcat-embed-core-9.0.39.jar:9.0.39]
	at org.apache.catalina.core.StandardContext.filterStop(StandardContext.java:4598) [tomcat-embed-core-9.0.39.jar:9.0.39]
	at org.apache.catalina.core.StandardContext.stopInternal(StandardContext.java:5425) [tomcat-embed-core-9.0.39.jar:9.0.39]
	at org.apache.catalina.util.LifecycleBase.stop(LifecycleBase.java:257) [tomcat-embed-core-9.0.39.jar:9.0.39]
	at org.apache.catalina.core.ContainerBase$StopChild.call(ContainerBase.java:1400) [tomcat-embed-core-9.0.39.jar:9.0.39]
	at org.apache.catalina.core.ContainerBase$StopChild.call(ContainerBase.java:1389) [tomcat-embed-core-9.0.39.jar:9.0.39]
	at java.util.concurrent.FutureTask.run(FutureTask.java:266) [?:1.8.0_102]
	at org.apache.tomcat.util.threads.InlineExecutorService.execute(InlineExecutorService.java:75) [tomcat-embed-core-9.0.39.jar:9.0.39]
	at java.util.concurrent.AbstractExecutorService.submit(AbstractExecutorService.java:134) [?:1.8.0_102]
	at org.apache.catalina.core.ContainerBase.stopInternal(ContainerBase.java:976) [tomcat-embed-core-9.0.39.jar:9.0.39]
	at org.apache.catalina.util.LifecycleBase.stop(LifecycleBase.java:257) [tomcat-embed-core-9.0.39.jar:9.0.39]
	at org.apache.catalina.core.ContainerBase$StopChild.call(ContainerBase.java:1400) [tomcat-embed-core-9.0.39.jar:9.0.39]
	at org.apache.catalina.core.ContainerBase$StopChild.call(ContainerBase.java:1389) [tomcat-embed-core-9.0.39.jar:9.0.39]
	at java.util.concurrent.FutureTask.run(FutureTask.java:266) [?:1.8.0_102]
	at org.apache.tomcat.util.threads.InlineExecutorService.execute(InlineExecutorService.java:75) [tomcat-embed-core-9.0.39.jar:9.0.39]
	at java.util.concurrent.AbstractExecutorService.submit(AbstractExecutorService.java:134) [?:1.8.0_102]
	at org.apache.catalina.core.ContainerBase.stopInternal(ContainerBase.java:976) [tomcat-embed-core-9.0.39.jar:9.0.39]
	at org.apache.catalina.util.LifecycleBase.stop(LifecycleBase.java:257) [tomcat-embed-core-9.0.39.jar:9.0.39]
	at org.apache.catalina.core.StandardService.stopInternal(StandardService.java:473) [tomcat-embed-core-9.0.39.jar:9.0.39]
	at org.apache.catalina.util.LifecycleBase.stop(LifecycleBase.java:257) [tomcat-embed-core-9.0.39.jar:9.0.39]
	at org.apache.catalina.core.StandardServer.stopInternal(StandardServer.java:992) [tomcat-embed-core-9.0.39.jar:9.0.39]
	at org.apache.catalina.util.LifecycleBase.stop(LifecycleBase.java:257) [tomcat-embed-core-9.0.39.jar:9.0.39]
	at org.apache.catalina.startup.Tomcat.stop(Tomcat.java:496) [tomcat-embed-core-9.0.39.jar:9.0.39]
	at org.springframework.boot.web.embedded.tomcat.TomcatWebServer.stopTomcat(TomcatWebServer.java:273) [spring-boot-2.3.5.RELEASE.jar:2.3.5.RELEASE]
	at org.springframework.boot.web.embedded.tomcat.TomcatWebServer.stop(TomcatWebServer.java:331) [spring-boot-2.3.5.RELEASE.jar:2.3.5.RELEASE]
	at org.springframework.boot.web.servlet.context.ServletWebServerApplicationContext.refresh(ServletWebServerApplicationContext.java:148) [spring-boot-2.3.5.RELEASE.jar:2.3.5.RELEASE]
	at org.springframework.boot.SpringApplication.refresh(SpringApplication.java:758) [spring-boot-2.3.5.RELEASE.jar:2.3.5.RELEASE]
	at org.springframework.boot.SpringApplication.refresh(SpringApplication.java:750) [spring-boot-2.3.5.RELEASE.jar:2.3.5.RELEASE]
	at org.springframework.boot.SpringApplication.refreshContext(SpringApplication.java:405) [spring-boot-2.3.5.RELEASE.jar:2.3.5.RELEASE]
	at org.springframework.boot.SpringApplication.run(SpringApplication.java:315) [spring-boot-2.3.5.RELEASE.jar:2.3.5.RELEASE]
	at org.springframework.boot.SpringApplication.run(SpringApplication.java:1237) [spring-boot-2.3.5.RELEASE.jar:2.3.5.RELEASE]
	at org.springframework.boot.SpringApplication.run(SpringApplication.java:1226) [spring-boot-2.3.5.RELEASE.jar:2.3.5.RELEASE]
	at com.example.demo.DemoApplication.main(DemoApplication.java:16) [classes/:?]
10:52:02.700 [main] ERROR org.apache.catalina.core.ContainerBase.[Tomcat].[localhost].[/] - Failed to destroy the filter named [Tomcat WebSocket (JSR356) Filter] of type [org.apache.tomcat.websocket.server.WsFilter]
java.lang.AbstractMethodError: null
	at org.apache.catalina.core.ApplicationFilterConfig.release(ApplicationFilterConfig.java:301) [tomcat-embed-core-9.0.39.jar:9.0.39]
	at org.apache.catalina.core.StandardContext.filterStop(StandardContext.java:4598) [tomcat-embed-core-9.0.39.jar:9.0.39]
	at org.apache.catalina.core.StandardContext.stopInternal(StandardContext.java:5425) [tomcat-embed-core-9.0.39.jar:9.0.39]
	at org.apache.catalina.util.LifecycleBase.stop(LifecycleBase.java:257) [tomcat-embed-core-9.0.39.jar:9.0.39]
	at org.apache.catalina.core.ContainerBase$StopChild.call(ContainerBase.java:1400) [tomcat-embed-core-9.0.39.jar:9.0.39]
	at org.apache.catalina.core.ContainerBase$StopChild.call(ContainerBase.java:1389) [tomcat-embed-core-9.0.39.jar:9.0.39]
	at java.util.concurrent.FutureTask.run(FutureTask.java:266) [?:1.8.0_102]
	at org.apache.tomcat.util.threads.InlineExecutorService.execute(InlineExecutorService.java:75) [tomcat-embed-core-9.0.39.jar:9.0.39]
	at java.util.concurrent.AbstractExecutorService.submit(AbstractExecutorService.java:134) [?:1.8.0_102]
	at org.apache.catalina.core.ContainerBase.stopInternal(ContainerBase.java:976) [tomcat-embed-core-9.0.39.jar:9.0.39]
	at org.apache.catalina.util.LifecycleBase.stop(LifecycleBase.java:257) [tomcat-embed-core-9.0.39.jar:9.0.39]
	at org.apache.catalina.core.ContainerBase$StopChild.call(ContainerBase.java:1400) [tomcat-embed-core-9.0.39.jar:9.0.39]
	at org.apache.catalina.core.ContainerBase$StopChild.call(ContainerBase.java:1389) [tomcat-embed-core-9.0.39.jar:9.0.39]
	at java.util.concurrent.FutureTask.run(FutureTask.java:266) [?:1.8.0_102]
	at org.apache.tomcat.util.threads.InlineExecutorService.execute(InlineExecutorService.java:75) [tomcat-embed-core-9.0.39.jar:9.0.39]
	at java.util.concurrent.AbstractExecutorService.submit(AbstractExecutorService.java:134) [?:1.8.0_102]
	at org.apache.catalina.core.ContainerBase.stopInternal(ContainerBase.java:976) [tomcat-embed-core-9.0.39.jar:9.0.39]
	at org.apache.catalina.util.LifecycleBase.stop(LifecycleBase.java:257) [tomcat-embed-core-9.0.39.jar:9.0.39]
	at org.apache.catalina.core.StandardService.stopInternal(StandardService.java:473) [tomcat-embed-core-9.0.39.jar:9.0.39]
	at org.apache.catalina.util.LifecycleBase.stop(LifecycleBase.java:257) [tomcat-embed-core-9.0.39.jar:9.0.39]
	at org.apache.catalina.core.StandardServer.stopInternal(StandardServer.java:992) [tomcat-embed-core-9.0.39.jar:9.0.39]
	at org.apache.catalina.util.LifecycleBase.stop(LifecycleBase.java:257) [tomcat-embed-core-9.0.39.jar:9.0.39]
	at org.apache.catalina.startup.Tomcat.stop(Tomcat.java:496) [tomcat-embed-core-9.0.39.jar:9.0.39]
	at org.springframework.boot.web.embedded.tomcat.TomcatWebServer.stopTomcat(TomcatWebServer.java:273) [spring-boot-2.3.5.RELEASE.jar:2.3.5.RELEASE]
	at org.springframework.boot.web.embedded.tomcat.TomcatWebServer.stop(TomcatWebServer.java:331) [spring-boot-2.3.5.RELEASE.jar:2.3.5.RELEASE]
	at org.springframework.boot.web.servlet.context.ServletWebServerApplicationContext.refresh(ServletWebServerApplicationContext.java:148) [spring-boot-2.3.5.RELEASE.jar:2.3.5.RELEASE]
	at org.springframework.boot.SpringApplication.refresh(SpringApplication.java:758) [spring-boot-2.3.5.RELEASE.jar:2.3.5.RELEASE]
	at org.springframework.boot.SpringApplication.refresh(SpringApplication.java:750) [spring-boot-2.3.5.RELEASE.jar:2.3.5.RELEASE]
	at org.springframework.boot.SpringApplication.refreshContext(SpringApplication.java:405) [spring-boot-2.3.5.RELEASE.jar:2.3.5.RELEASE]
	at org.springframework.boot.SpringApplication.run(SpringApplication.java:315) [spring-boot-2.3.5.RELEASE.jar:2.3.5.RELEASE]
	at org.springframework.boot.SpringApplication.run(SpringApplication.java:1237) [spring-boot-2.3.5.RELEASE.jar:2.3.5.RELEASE]
	at org.springframework.boot.SpringApplication.run(SpringApplication.java:1226) [spring-boot-2.3.5.RELEASE.jar:2.3.5.RELEASE]
	at com.example.demo.DemoApplication.main(DemoApplication.java:16) [classes/:?]
11:34:06.228 [scheduling-1] ERROR org.apache.activemq.broker.BrokerService - Failed to start Apache ActiveMQ (localhost, null)
java.lang.IllegalStateException: Shutdown in progress
	at java.lang.ApplicationShutdownHooks.add(ApplicationShutdownHooks.java:66) ~[?:1.8.0_102]
	at java.lang.Runtime.addShutdownHook(Runtime.java:211) ~[?:1.8.0_102]
	at org.apache.activemq.broker.BrokerService.addShutdownHook(BrokerService.java:2558) ~[activemq-broker-5.15.13.jar:5.15.13]
	at org.apache.activemq.broker.BrokerService.doStartBroker(BrokerService.java:746) ~[activemq-broker-5.15.13.jar:5.15.13]
	at org.apache.activemq.broker.BrokerService.startBroker(BrokerService.java:739) ~[activemq-broker-5.15.13.jar:5.15.13]
	at org.apache.activemq.broker.BrokerService.start(BrokerService.java:642) [activemq-broker-5.15.13.jar:5.15.13]
	at org.apache.activemq.transport.vm.VMTransportFactory.doCompositeConnect(VMTransportFactory.java:127) [activemq-broker-5.15.13.jar:5.15.13]
	at org.apache.activemq.transport.vm.VMTransportFactory.doConnect(VMTransportFactory.java:56) [activemq-broker-5.15.13.jar:5.15.13]
	at org.apache.activemq.transport.TransportFactory.connect(TransportFactory.java:65) [activemq-client-5.15.13.jar:5.15.13]
	at org.apache.activemq.ActiveMQConnectionFactory.createTransport(ActiveMQConnectionFactory.java:331) [activemq-client-5.15.13.jar:5.15.13]
	at org.apache.activemq.ActiveMQConnectionFactory.createActiveMQConnection(ActiveMQConnectionFactory.java:346) [activemq-client-5.15.13.jar:5.15.13]
	at org.apache.activemq.ActiveMQConnectionFactory.createActiveMQConnection(ActiveMQConnectionFactory.java:304) [activemq-client-5.15.13.jar:5.15.13]
	at org.apache.activemq.ActiveMQConnectionFactory.createConnection(ActiveMQConnectionFactory.java:244) [activemq-client-5.15.13.jar:5.15.13]
	at org.springframework.jms.connection.SingleConnectionFactory.doCreateConnection(SingleConnectionFactory.java:409) [spring-jms-5.2.10.RELEASE.jar:5.2.10.RELEASE]
	at org.springframework.jms.connection.SingleConnectionFactory.initConnection(SingleConnectionFactory.java:349) [spring-jms-5.2.10.RELEASE.jar:5.2.10.RELEASE]
	at org.springframework.jms.connection.SingleConnectionFactory.getConnection(SingleConnectionFactory.java:327) [spring-jms-5.2.10.RELEASE.jar:5.2.10.RELEASE]
	at org.springframework.jms.connection.SingleConnectionFactory.createConnection(SingleConnectionFactory.java:242) [spring-jms-5.2.10.RELEASE.jar:5.2.10.RELEASE]
	at org.springframework.jms.support.JmsAccessor.createConnection(JmsAccessor.java:196) [spring-jms-5.2.10.RELEASE.jar:5.2.10.RELEASE]
	at org.springframework.jms.core.JmsTemplate.execute(JmsTemplate.java:494) [spring-jms-5.2.10.RELEASE.jar:5.2.10.RELEASE]
	at org.springframework.jms.core.JmsTemplate.send(JmsTemplate.java:576) [spring-jms-5.2.10.RELEASE.jar:5.2.10.RELEASE]
	at org.springframework.jms.core.JmsMessagingTemplate.doSend(JmsMessagingTemplate.java:356) [spring-jms-5.2.10.RELEASE.jar:5.2.10.RELEASE]
	at org.springframework.jms.core.JmsMessagingTemplate.doSend(JmsMessagingTemplate.java:48) [spring-jms-5.2.10.RELEASE.jar:5.2.10.RELEASE]
	at org.springframework.messaging.core.AbstractMessageSendingTemplate.send(AbstractMessageSendingTemplate.java:109) [spring-messaging-5.2.10.RELEASE.jar:5.2.10.RELEASE]
	at org.springframework.messaging.core.AbstractMessageSendingTemplate.convertAndSend(AbstractMessageSendingTemplate.java:151) [spring-messaging-5.2.10.RELEASE.jar:5.2.10.RELEASE]
	at org.springframework.messaging.core.AbstractMessageSendingTemplate.convertAndSend(AbstractMessageSendingTemplate.java:129) [spring-messaging-5.2.10.RELEASE.jar:5.2.10.RELEASE]
	at org.springframework.messaging.core.AbstractMessageSendingTemplate.convertAndSend(AbstractMessageSendingTemplate.java:122) [spring-messaging-5.2.10.RELEASE.jar:5.2.10.RELEASE]
	at com.example.demo.controller.QueueController.send(QueueController.java:37) [classes/:?]
	at sun.reflect.NativeMethodAccessorImpl.invoke0(Native Method) ~[?:1.8.0_102]
	at sun.reflect.NativeMethodAccessorImpl.invoke(NativeMethodAccessorImpl.java:62) ~[?:1.8.0_102]
	at sun.reflect.DelegatingMethodAccessorImpl.invoke(DelegatingMethodAccessorImpl.java:43) ~[?:1.8.0_102]
	at java.lang.reflect.Method.invoke(Method.java:498) ~[?:1.8.0_102]
	at org.springframework.scheduling.support.ScheduledMethodRunnable.run(ScheduledMethodRunnable.java:84) [spring-context-5.2.10.RELEASE.jar:5.2.10.RELEASE]
	at org.springframework.scheduling.support.DelegatingErrorHandlingRunnable.run(DelegatingErrorHandlingRunnable.java:54) [spring-context-5.2.10.RELEASE.jar:5.2.10.RELEASE]
	at java.util.concurrent.Executors$RunnableAdapter.call(Executors.java:511) [?:1.8.0_102]
	at java.util.concurrent.FutureTask.runAndReset$$$capture(FutureTask.java:308) [?:1.8.0_102]
	at java.util.concurrent.FutureTask.runAndReset(FutureTask.java) [?:1.8.0_102]
	at java.util.concurrent.ScheduledThreadPoolExecutor$ScheduledFutureTask.access$301(ScheduledThreadPoolExecutor.java:180) [?:1.8.0_102]
	at java.util.concurrent.ScheduledThreadPoolExecutor$ScheduledFutureTask.run(ScheduledThreadPoolExecutor.java:294) [?:1.8.0_102]
	at java.util.concurrent.ThreadPoolExecutor.runWorker(ThreadPoolExecutor.java:1142) [?:1.8.0_102]
	at java.util.concurrent.ThreadPoolExecutor$Worker.run(ThreadPoolExecutor.java:617) [?:1.8.0_102]
	at java.lang.Thread.run(Thread.java:745) [?:1.8.0_102]
