09:59:40.420 [main] INFO  com.example.demo.DemoApplication - Starting DemoApplication on fengli with PID 6108 (G:\ideaProjects\springbootSSM\target\classes started by fengli in G:\ideaProjects\springbootSSM)
09:59:40.477 [main] INFO  com.example.demo.DemoApplication - No active profile set, falling back to default profiles: default
09:59:43.602 [main] INFO  org.apache.coyote.http11.Http11NioProtocol - Initializing ProtocolHandler ["http-nio-8080"]
09:59:43.602 [main] INFO  org.apache.catalina.core.StandardService - Starting service [Tomcat]
09:59:43.602 [main] INFO  org.apache.catalina.core.StandardEngine - Starting Servlet engine: [Apache Tomcat/9.0.39]
09:59:43.740 [main] INFO  org.apache.catalina.core.ContainerBase.[Tomcat].[localhost].[/] - Initializing Spring embedded WebApplicationContext
09:59:45.962 [main] INFO  org.apache.coyote.http11.Http11NioProtocol - Starting ProtocolHandler ["http-nio-8080"]
09:59:46.046 [main] WARN  org.apache.activemq.broker.BrokerService - Memory Usage for the Broker (1024mb) is more than the maximum available for the JVM: 247 mb - resetting to 70% of maximum available: 173 mb
09:59:46.077 [main] INFO  org.apache.activemq.broker.BrokerService - Using Persistence Adapter: MemoryPersistenceAdapter
09:59:46.093 [JMX connector] INFO  org.apache.activemq.broker.jmx.ManagementContext - JMX consoles can connect to service:jmx:rmi:///jndi/rmi://localhost:1099/jmxrmi
09:59:46.224 [main] INFO  org.apache.activemq.broker.BrokerService - Apache ActiveMQ 5.15.13 (localhost, ID:fengli-53801-1607479186077-0:1) is starting
09:59:46.231 [main] INFO  org.apache.activemq.broker.BrokerService - Apache ActiveMQ 5.15.13 (localhost, ID:fengli-53801-1607479186077-0:1) started
09:59:46.231 [main] INFO  org.apache.activemq.broker.BrokerService - For help or more information please see: http://activemq.apache.org
09:59:46.262 [main] INFO  org.apache.activemq.broker.TransportConnector - Connector vm://localhost started
09:59:46.331 [main] INFO  com.example.demo.DemoApplication - Started DemoApplication in 6.448 seconds (JVM running for 8.774)
09:59:50.579 [http-nio-8080-exec-1] INFO  org.apache.catalina.core.ContainerBase.[Tomcat].[localhost].[/] - Initializing Spring DispatcherServlet 'dispatcherServlet'
09:59:50.769 [http-nio-8080-exec-2] ERROR org.apache.catalina.core.ContainerBase.[Tomcat].[localhost] - Exception Processing ErrorPage[errorCode=0, location=/error]
java.lang.NoSuchMethodError: javax.servlet.http.HttpServletRequest.getHttpServletMapping()Ljavax/servlet/http/HttpServletMapping;
	at org.apache.catalina.core.ApplicationHttpRequest.setRequest(ApplicationHttpRequest.java:709) ~[tomcat-embed-core-9.0.39.jar:9.0.39]
	at org.apache.catalina.core.ApplicationHttpRequest.<init>(ApplicationHttpRequest.java:115) ~[tomcat-embed-core-9.0.39.jar:9.0.39]
	at org.apache.catalina.core.ApplicationDispatcher.wrapRequest(ApplicationDispatcher.java:911) ~[tomcat-embed-core-9.0.39.jar:9.0.39]
	at org.apache.catalina.core.ApplicationDispatcher.doForward(ApplicationDispatcher.java:358) ~[tomcat-embed-core-9.0.39.jar:9.0.39]
	at org.apache.catalina.core.ApplicationDispatcher.forward(ApplicationDispatcher.java:312) ~[tomcat-embed-core-9.0.39.jar:9.0.39]
	at org.apache.catalina.core.StandardHostValve.custom(StandardHostValve.java:398) [tomcat-embed-core-9.0.39.jar:9.0.39]
	at org.apache.catalina.core.StandardHostValve.status(StandardHostValve.java:257) [tomcat-embed-core-9.0.39.jar:9.0.39]
	at org.apache.catalina.core.StandardHostValve.invoke(StandardHostValve.java:179) [tomcat-embed-core-9.0.39.jar:9.0.39]
	at org.apache.catalina.valves.ErrorReportValve.invoke(ErrorReportValve.java:92) [tomcat-embed-core-9.0.39.jar:9.0.39]
	at org.apache.catalina.core.StandardEngineValve.invoke(StandardEngineValve.java:78) [tomcat-embed-core-9.0.39.jar:9.0.39]
	at org.apache.catalina.connector.CoyoteAdapter.service(CoyoteAdapter.java:343) [tomcat-embed-core-9.0.39.jar:9.0.39]
	at org.apache.coyote.http11.Http11Processor.service(Http11Processor.java:374) [tomcat-embed-core-9.0.39.jar:9.0.39]
	at org.apache.coyote.AbstractProcessorLight.process(AbstractProcessorLight.java:65) [tomcat-embed-core-9.0.39.jar:9.0.39]
	at org.apache.coyote.AbstractProtocol$ConnectionHandler.process(AbstractProtocol.java:868) [tomcat-embed-core-9.0.39.jar:9.0.39]
	at org.apache.tomcat.util.net.NioEndpoint$SocketProcessor.doRun(NioEndpoint.java:1590) [tomcat-embed-core-9.0.39.jar:9.0.39]
	at org.apache.tomcat.util.net.SocketProcessorBase.run(SocketProcessorBase.java:49) [tomcat-embed-core-9.0.39.jar:9.0.39]
	at java.util.concurrent.ThreadPoolExecutor.runWorker(ThreadPoolExecutor.java:1142) [?:1.8.0_102]
	at java.util.concurrent.ThreadPoolExecutor$Worker.run(ThreadPoolExecutor.java:617) [?:1.8.0_102]
	at org.apache.tomcat.util.threads.TaskThread$WrappingRunnable.run(TaskThread.java:61) [tomcat-embed-core-9.0.39.jar:9.0.39]
	at java.lang.Thread.run(Thread.java:745) [?:1.8.0_102]
10:02:02.234 [ActiveMQ ShutdownHook] INFO  org.apache.activemq.broker.BrokerService - Apache ActiveMQ 5.15.13 (localhost, ID:fengli-53801-1607479186077-0:1) is shutting down
10:02:02.249 [ActiveMQ ShutdownHook] INFO  org.apache.activemq.broker.TransportConnector - Connector vm://localhost stopped
10:02:02.265 [ActiveMQ ShutdownHook] INFO  org.apache.activemq.broker.BrokerService - Apache ActiveMQ 5.15.13 (localhost, ID:fengli-53801-1607479186077-0:1) uptime 2 minutes
10:02:02.265 [ActiveMQ ShutdownHook] INFO  org.apache.activemq.broker.BrokerService - Apache ActiveMQ 5.15.13 (localhost, ID:fengli-53801-1607479186077-0:1) is shutdown
10:02:08.340 [main] INFO  com.example.demo.DemoApplication - Starting DemoApplication on fengli with PID 8624 (G:\ideaProjects\springbootSSM\target\classes started by fengli in G:\ideaProjects\springbootSSM)
10:02:08.358 [main] INFO  com.example.demo.DemoApplication - No active profile set, falling back to default profiles: default
10:02:10.143 [main] INFO  org.apache.coyote.http11.Http11NioProtocol - Initializing ProtocolHandler ["http-nio-8080"]
10:02:10.143 [main] INFO  org.apache.catalina.core.StandardService - Starting service [Tomcat]
10:02:10.143 [main] INFO  org.apache.catalina.core.StandardEngine - Starting Servlet engine: [Apache Tomcat/9.0.39]
10:02:10.299 [main] INFO  org.apache.catalina.core.ContainerBase.[Tomcat].[localhost].[/] - Initializing Spring embedded WebApplicationContext
10:02:11.690 [main] INFO  org.apache.coyote.http11.Http11NioProtocol - Starting ProtocolHandler ["http-nio-8080"]
10:02:11.783 [main] WARN  org.apache.activemq.broker.BrokerService - Memory Usage for the Broker (1024mb) is more than the maximum available for the JVM: 247 mb - resetting to 70% of maximum available: 173 mb
10:02:11.799 [main] INFO  org.apache.activemq.broker.BrokerService - Using Persistence Adapter: MemoryPersistenceAdapter
10:02:11.815 [JMX connector] INFO  org.apache.activemq.broker.jmx.ManagementContext - JMX consoles can connect to service:jmx:rmi:///jndi/rmi://localhost:1099/jmxrmi
10:02:11.924 [main] INFO  org.apache.activemq.broker.BrokerService - Apache ActiveMQ 5.15.13 (localhost, ID:fengli-53858-1607479331799-0:1) is starting
10:02:11.940 [main] INFO  org.apache.activemq.broker.BrokerService - Apache ActiveMQ 5.15.13 (localhost, ID:fengli-53858-1607479331799-0:1) started
10:02:11.940 [main] INFO  org.apache.activemq.broker.BrokerService - For help or more information please see: http://activemq.apache.org
10:02:11.986 [main] INFO  org.apache.activemq.broker.TransportConnector - Connector vm://localhost started
10:02:12.049 [main] INFO  com.example.demo.DemoApplication - Started DemoApplication in 4.202 seconds (JVM running for 5.983)
10:09:07.018 [ActiveMQ ShutdownHook] INFO  org.apache.activemq.broker.BrokerService - Apache ActiveMQ 5.15.13 (localhost, ID:fengli-53858-1607479331799-0:1) is shutting down
10:09:07.034 [ActiveMQ ShutdownHook] INFO  org.apache.activemq.broker.TransportConnector - Connector vm://localhost stopped
10:09:07.049 [ActiveMQ ShutdownHook] INFO  org.apache.activemq.broker.BrokerService - Apache ActiveMQ 5.15.13 (localhost, ID:fengli-53858-1607479331799-0:1) uptime 6 minutes
10:09:07.049 [ActiveMQ ShutdownHook] INFO  org.apache.activemq.broker.BrokerService - Apache ActiveMQ 5.15.13 (localhost, ID:fengli-53858-1607479331799-0:1) is shutdown
10:09:15.758 [main] INFO  com.example.demo.DemoApplication - Starting DemoApplication on fengli with PID 8568 (G:\ideaProjects\springbootSSM\target\classes started by fengli in G:\ideaProjects\springbootSSM)
10:09:15.774 [main] INFO  com.example.demo.DemoApplication - No active profile set, falling back to default profiles: default
10:09:17.399 [main] INFO  org.apache.coyote.http11.Http11NioProtocol - Initializing ProtocolHandler ["http-nio-8080"]
10:09:17.399 [main] INFO  org.apache.catalina.core.StandardService - Starting service [Tomcat]
10:09:17.399 [main] INFO  org.apache.catalina.core.StandardEngine - Starting Servlet engine: [Apache Tomcat/9.0.39]
10:09:17.524 [main] INFO  org.apache.catalina.core.ContainerBase.[Tomcat].[localhost].[/] - Initializing Spring embedded WebApplicationContext
10:09:19.008 [main] INFO  org.apache.coyote.http11.Http11NioProtocol - Starting ProtocolHandler ["http-nio-8080"]
10:09:19.086 [main] WARN  org.apache.activemq.broker.BrokerService - Memory Usage for the Broker (1024mb) is more than the maximum available for the JVM: 247 mb - resetting to 70% of maximum available: 173 mb
10:09:19.118 [main] INFO  org.apache.activemq.broker.BrokerService - Using Persistence Adapter: MemoryPersistenceAdapter
10:09:19.133 [JMX connector] INFO  org.apache.activemq.broker.jmx.ManagementContext - JMX consoles can connect to service:jmx:rmi:///jndi/rmi://localhost:1099/jmxrmi
10:09:19.243 [main] INFO  org.apache.activemq.broker.BrokerService - Apache ActiveMQ 5.15.13 (localhost, ID:fengli-53967-1607479759118-0:1) is starting
10:09:19.258 [main] INFO  org.apache.activemq.broker.BrokerService - Apache ActiveMQ 5.15.13 (localhost, ID:fengli-53967-1607479759118-0:1) started
10:09:19.258 [main] INFO  org.apache.activemq.broker.BrokerService - For help or more information please see: http://activemq.apache.org
10:09:19.305 [main] INFO  org.apache.activemq.broker.TransportConnector - Connector vm://localhost started
10:09:19.368 [main] INFO  com.example.demo.DemoApplication - Started DemoApplication in 4.081 seconds (JVM running for 5.886)
10:09:29.981 [http-nio-8080-exec-1] INFO  org.apache.catalina.core.ContainerBase.[Tomcat].[localhost].[/] - Initializing Spring DispatcherServlet 'dispatcherServlet'
10:16:13.045 [ActiveMQ ShutdownHook] INFO  org.apache.activemq.broker.BrokerService - Apache ActiveMQ 5.15.13 (localhost, ID:fengli-53967-1607479759118-0:1) is shutting down
10:16:13.061 [ActiveMQ ShutdownHook] INFO  org.apache.activemq.broker.TransportConnector - Connector vm://localhost stopped
10:16:13.076 [ActiveMQ ShutdownHook] INFO  org.apache.activemq.broker.BrokerService - Apache ActiveMQ 5.15.13 (localhost, ID:fengli-53967-1607479759118-0:1) uptime 6 minutes
10:16:13.076 [ActiveMQ ShutdownHook] INFO  org.apache.activemq.broker.BrokerService - Apache ActiveMQ 5.15.13 (localhost, ID:fengli-53967-1607479759118-0:1) is shutdown
10:16:23.600 [main] INFO  com.example.demo.DemoApplication - Starting DemoApplication on fengli with PID 7448 (G:\ideaProjects\springbootSSM\target\classes started by fengli in G:\ideaProjects\springbootSSM)
10:16:23.616 [main] INFO  com.example.demo.DemoApplication - No active profile set, falling back to default profiles: default
10:16:25.147 [main] INFO  org.apache.coyote.http11.Http11NioProtocol - Initializing ProtocolHandler ["http-nio-8080"]
10:16:25.147 [main] INFO  org.apache.catalina.core.StandardService - Starting service [Tomcat]
10:16:25.147 [main] INFO  org.apache.catalina.core.StandardEngine - Starting Servlet engine: [Apache Tomcat/9.0.39]
10:16:25.272 [main] INFO  org.apache.catalina.core.ContainerBase.[Tomcat].[localhost].[/] - Initializing Spring embedded WebApplicationContext
10:16:26.631 [main] INFO  org.apache.coyote.http11.Http11NioProtocol - Starting ProtocolHandler ["http-nio-8080"]
10:16:26.709 [main] WARN  org.apache.activemq.broker.BrokerService - Memory Usage for the Broker (1024mb) is more than the maximum available for the JVM: 247 mb - resetting to 70% of maximum available: 173 mb
10:16:26.725 [main] INFO  org.apache.activemq.broker.BrokerService - Using Persistence Adapter: MemoryPersistenceAdapter
10:16:26.741 [JMX connector] INFO  org.apache.activemq.broker.jmx.ManagementContext - JMX consoles can connect to service:jmx:rmi:///jndi/rmi://localhost:1099/jmxrmi
10:16:26.866 [main] INFO  org.apache.activemq.broker.BrokerService - Apache ActiveMQ 5.15.13 (localhost, ID:fengli-54328-1607480186741-0:1) is starting
10:16:26.881 [main] INFO  org.apache.activemq.broker.BrokerService - Apache ActiveMQ 5.15.13 (localhost, ID:fengli-54328-1607480186741-0:1) started
10:16:26.881 [main] INFO  org.apache.activemq.broker.BrokerService - For help or more information please see: http://activemq.apache.org
10:16:26.944 [main] INFO  org.apache.activemq.broker.TransportConnector - Connector vm://localhost started
10:16:26.991 [main] INFO  com.example.demo.DemoApplication - Started DemoApplication in 3.843 seconds (JVM running for 5.554)
10:16:43.186 [http-nio-8080-exec-1] INFO  org.apache.catalina.core.ContainerBase.[Tomcat].[localhost].[/] - Initializing Spring DispatcherServlet 'dispatcherServlet'
10:17:21.803 [ActiveMQ ShutdownHook] INFO  org.apache.activemq.broker.BrokerService - Apache ActiveMQ 5.15.13 (localhost, ID:fengli-54328-1607480186741-0:1) is shutting down
10:17:21.835 [ActiveMQ ShutdownHook] INFO  org.apache.activemq.broker.TransportConnector - Connector vm://localhost stopped
10:17:21.850 [ActiveMQ ShutdownHook] INFO  org.apache.activemq.broker.BrokerService - Apache ActiveMQ 5.15.13 (localhost, ID:fengli-54328-1607480186741-0:1) uptime 55.141 seconds
10:17:21.850 [ActiveMQ ShutdownHook] INFO  org.apache.activemq.broker.BrokerService - Apache ActiveMQ 5.15.13 (localhost, ID:fengli-54328-1607480186741-0:1) is shutdown
10:17:30.199 [main] INFO  com.example.demo.DemoApplication - Starting DemoApplication on fengli with PID 1316 (G:\ideaProjects\springbootSSM\target\classes started by fengli in G:\ideaProjects\springbootSSM)
10:17:30.215 [main] INFO  com.example.demo.DemoApplication - No active profile set, falling back to default profiles: default
10:17:31.762 [main] INFO  org.apache.coyote.http11.Http11NioProtocol - Initializing ProtocolHandler ["http-nio-8080"]
10:17:31.762 [main] INFO  org.apache.catalina.core.StandardService - Starting service [Tomcat]
10:17:31.762 [main] INFO  org.apache.catalina.core.StandardEngine - Starting Servlet engine: [Apache Tomcat/9.0.39]
10:17:31.887 [main] INFO  org.apache.catalina.core.ContainerBase.[Tomcat].[localhost].[/] - Initializing Spring embedded WebApplicationContext
10:17:33.480 [main] INFO  org.apache.coyote.http11.Http11NioProtocol - Starting ProtocolHandler ["http-nio-8080"]
10:17:33.574 [main] WARN  org.apache.activemq.broker.BrokerService - Memory Usage for the Broker (1024mb) is more than the maximum available for the JVM: 247 mb - resetting to 70% of maximum available: 173 mb
10:17:33.590 [main] INFO  org.apache.activemq.broker.BrokerService - Using Persistence Adapter: MemoryPersistenceAdapter
10:17:33.637 [JMX connector] INFO  org.apache.activemq.broker.jmx.ManagementContext - JMX consoles can connect to service:jmx:rmi:///jndi/rmi://localhost:1099/jmxrmi
10:17:33.746 [main] INFO  org.apache.activemq.broker.BrokerService - Apache ActiveMQ 5.15.13 (localhost, ID:fengli-54387-1607480253621-0:1) is starting
10:17:33.762 [main] INFO  org.apache.activemq.broker.BrokerService - Apache ActiveMQ 5.15.13 (localhost, ID:fengli-54387-1607480253621-0:1) started
10:17:33.762 [main] INFO  org.apache.activemq.broker.BrokerService - For help or more information please see: http://activemq.apache.org
10:17:33.793 [main] INFO  org.apache.activemq.broker.TransportConnector - Connector vm://localhost started
10:17:33.871 [main] INFO  com.example.demo.DemoApplication - Started DemoApplication in 4.129 seconds (JVM running for 5.88)
10:17:41.444 [http-nio-8080-exec-1] INFO  org.apache.catalina.core.ContainerBase.[Tomcat].[localhost].[/] - Initializing Spring DispatcherServlet 'dispatcherServlet'
10:18:19.767 [ActiveMQ ShutdownHook] INFO  org.apache.activemq.broker.BrokerService - Apache ActiveMQ 5.15.13 (localhost, ID:fengli-54387-1607480253621-0:1) is shutting down
10:18:19.783 [ActiveMQ ShutdownHook] INFO  org.apache.activemq.broker.TransportConnector - Connector vm://localhost stopped
10:18:19.798 [ActiveMQ ShutdownHook] INFO  org.apache.activemq.broker.BrokerService - Apache ActiveMQ 5.15.13 (localhost, ID:fengli-54387-1607480253621-0:1) uptime 46.224 seconds
10:18:19.798 [ActiveMQ ShutdownHook] INFO  org.apache.activemq.broker.BrokerService - Apache ActiveMQ 5.15.13 (localhost, ID:fengli-54387-1607480253621-0:1) is shutdown
10:18:46.365 [main] INFO  com.example.demo.DemoApplication - Starting DemoApplication on fengli with PID 8364 (G:\ideaProjects\springbootSSM\target\classes started by fengli in G:\ideaProjects\springbootSSM)
10:18:46.365 [main] INFO  com.example.demo.DemoApplication - No active profile set, falling back to default profiles: default
10:18:47.881 [main] INFO  org.apache.coyote.http11.Http11NioProtocol - Initializing ProtocolHandler ["http-nio-8080"]
10:18:47.881 [main] INFO  org.apache.catalina.core.StandardService - Starting service [Tomcat]
10:18:47.881 [main] INFO  org.apache.catalina.core.StandardEngine - Starting Servlet engine: [Apache Tomcat/9.0.39]
10:18:48.006 [main] INFO  org.apache.catalina.core.ContainerBase.[Tomcat].[localhost].[/] - Initializing Spring embedded WebApplicationContext
10:18:49.365 [main] INFO  org.apache.coyote.http11.Http11NioProtocol - Starting ProtocolHandler ["http-nio-8080"]
10:18:49.459 [main] WARN  org.apache.activemq.broker.BrokerService - Memory Usage for the Broker (1024mb) is more than the maximum available for the JVM: 247 mb - resetting to 70% of maximum available: 173 mb
10:18:49.474 [main] INFO  org.apache.activemq.broker.BrokerService - Using Persistence Adapter: MemoryPersistenceAdapter
10:18:49.490 [JMX connector] INFO  org.apache.activemq.broker.jmx.ManagementContext - JMX consoles can connect to service:jmx:rmi:///jndi/rmi://localhost:1099/jmxrmi
10:18:49.599 [main] INFO  org.apache.activemq.broker.BrokerService - Apache ActiveMQ 5.15.13 (localhost, ID:fengli-54465-1607480329474-0:1) is starting
10:18:49.615 [main] INFO  org.apache.activemq.broker.BrokerService - Apache ActiveMQ 5.15.13 (localhost, ID:fengli-54465-1607480329474-0:1) started
10:18:49.615 [main] INFO  org.apache.activemq.broker.BrokerService - For help or more information please see: http://activemq.apache.org
10:18:49.662 [main] INFO  org.apache.activemq.broker.TransportConnector - Connector vm://localhost started
10:18:49.724 [main] INFO  com.example.demo.DemoApplication - Started DemoApplication in 3.815 seconds (JVM running for 5.625)
10:19:04.099 [http-nio-8080-exec-1] INFO  org.apache.catalina.core.ContainerBase.[Tomcat].[localhost].[/] - Initializing Spring DispatcherServlet 'dispatcherServlet'
10:25:35.864 [ActiveMQ ShutdownHook] INFO  org.apache.activemq.broker.BrokerService - Apache ActiveMQ 5.15.13 (localhost, ID:fengli-54465-1607480329474-0:1) is shutting down
10:25:35.899 [ActiveMQ ShutdownHook] INFO  org.apache.activemq.broker.TransportConnector - Connector vm://localhost stopped
10:25:35.910 [ActiveMQ ShutdownHook] INFO  org.apache.activemq.broker.BrokerService - Apache ActiveMQ 5.15.13 (localhost, ID:fengli-54465-1607480329474-0:1) uptime 6 minutes
10:25:35.910 [ActiveMQ ShutdownHook] INFO  org.apache.activemq.broker.BrokerService - Apache ActiveMQ 5.15.13 (localhost, ID:fengli-54465-1607480329474-0:1) is shutdown
10:25:41.902 [main] INFO  com.example.demo.DemoApplication - Starting DemoApplication on fengli with PID 8268 (G:\ideaProjects\springbootSSM\target\classes started by fengli in G:\ideaProjects\springbootSSM)
10:25:41.918 [main] INFO  com.example.demo.DemoApplication - No active profile set, falling back to default profiles: default
10:25:43.509 [main] INFO  org.apache.coyote.http11.Http11NioProtocol - Initializing ProtocolHandler ["http-nio-8080"]
10:25:43.509 [main] INFO  org.apache.catalina.core.StandardService - Starting service [Tomcat]
10:25:43.509 [main] INFO  org.apache.catalina.core.StandardEngine - Starting Servlet engine: [Apache Tomcat/9.0.39]
10:25:43.637 [main] INFO  org.apache.catalina.core.ContainerBase.[Tomcat].[localhost].[/] - Initializing Spring embedded WebApplicationContext
10:25:45.041 [main] INFO  org.apache.catalina.core.StandardService - Stopping service [Tomcat]
10:25:45.043 [main] ERROR org.apache.catalina.core.ContainerBase.[Tomcat].[localhost].[/] - Failed to destroy the filter named [Tomcat WebSocket (JSR356) Filter] of type [org.apache.tomcat.websocket.server.WsFilter]
java.lang.AbstractMethodError: null
	at org.apache.catalina.core.ApplicationFilterConfig.release(ApplicationFilterConfig.java:301) [tomcat-embed-core-9.0.39.jar:9.0.39]
	at org.apache.catalina.core.StandardContext.filterStop(StandardContext.java:4598) [tomcat-embed-core-9.0.39.jar:9.0.39]
	at org.apache.catalina.core.StandardContext.stopInternal(StandardContext.java:5425) [tomcat-embed-core-9.0.39.jar:9.0.39]
	at org.apache.catalina.util.LifecycleBase.stop(LifecycleBase.java:257) [tomcat-embed-core-9.0.39.jar:9.0.39]
	at org.apache.catalina.core.ContainerBase$StopChild.call(ContainerBase.java:1400) [tomcat-embed-core-9.0.39.jar:9.0.39]
	at org.apache.catalina.core.ContainerBase$StopChild.call(ContainerBase.java:1389) [tomcat-embed-core-9.0.39.jar:9.0.39]
	at java.util.concurrent.FutureTask.run$$$capture(FutureTask.java:266) [?:1.8.0_102]
	at java.util.concurrent.FutureTask.run(FutureTask.java) [?:1.8.0_102]
	at org.apache.tomcat.util.threads.InlineExecutorService.execute(InlineExecutorService.java:75) [tomcat-embed-core-9.0.39.jar:9.0.39]
	at java.util.concurrent.AbstractExecutorService.submit(AbstractExecutorService.java:134) [?:1.8.0_102]
	at org.apache.catalina.core.ContainerBase.stopInternal(ContainerBase.java:976) [tomcat-embed-core-9.0.39.jar:9.0.39]
	at org.apache.catalina.util.LifecycleBase.stop(LifecycleBase.java:257) [tomcat-embed-core-9.0.39.jar:9.0.39]
	at org.apache.catalina.core.ContainerBase$StopChild.call(ContainerBase.java:1400) [tomcat-embed-core-9.0.39.jar:9.0.39]
	at org.apache.catalina.core.ContainerBase$StopChild.call(ContainerBase.java:1389) [tomcat-embed-core-9.0.39.jar:9.0.39]
	at java.util.concurrent.FutureTask.run$$$capture(FutureTask.java:266) [?:1.8.0_102]
	at java.util.concurrent.FutureTask.run(FutureTask.java) [?:1.8.0_102]
	at org.apache.tomcat.util.threads.InlineExecutorService.execute(InlineExecutorService.java:75) [tomcat-embed-core-9.0.39.jar:9.0.39]
	at java.util.concurrent.AbstractExecutorService.submit(AbstractExecutorService.java:134) [?:1.8.0_102]
	at org.apache.catalina.core.ContainerBase.stopInternal(ContainerBase.java:976) [tomcat-embed-core-9.0.39.jar:9.0.39]
	at org.apache.catalina.util.LifecycleBase.stop(LifecycleBase.java:257) [tomcat-embed-core-9.0.39.jar:9.0.39]
	at org.apache.catalina.core.StandardService.stopInternal(StandardService.java:473) [tomcat-embed-core-9.0.39.jar:9.0.39]
	at org.apache.catalina.util.LifecycleBase.stop(LifecycleBase.java:257) [tomcat-embed-core-9.0.39.jar:9.0.39]
	at org.apache.catalina.core.StandardServer.stopInternal(StandardServer.java:992) [tomcat-embed-core-9.0.39.jar:9.0.39]
	at org.apache.catalina.util.LifecycleBase.stop(LifecycleBase.java:257) [tomcat-embed-core-9.0.39.jar:9.0.39]
	at org.apache.catalina.startup.Tomcat.stop(Tomcat.java:496) [tomcat-embed-core-9.0.39.jar:9.0.39]
	at org.springframework.boot.web.embedded.tomcat.TomcatWebServer.stopTomcat(TomcatWebServer.java:273) [spring-boot-2.3.5.RELEASE.jar:2.3.5.RELEASE]
	at org.springframework.boot.web.embedded.tomcat.TomcatWebServer.stop(TomcatWebServer.java:331) [spring-boot-2.3.5.RELEASE.jar:2.3.5.RELEASE]
	at org.springframework.boot.web.servlet.context.ServletWebServerApplicationContext.refresh(ServletWebServerApplicationContext.java:148) [spring-boot-2.3.5.RELEASE.jar:2.3.5.RELEASE]
	at org.springframework.boot.SpringApplication.refresh(SpringApplication.java:758) [spring-boot-2.3.5.RELEASE.jar:2.3.5.RELEASE]
	at org.springframework.boot.SpringApplication.refresh(SpringApplication.java:750) [spring-boot-2.3.5.RELEASE.jar:2.3.5.RELEASE]
	at org.springframework.boot.SpringApplication.refreshContext(SpringApplication.java:405) [spring-boot-2.3.5.RELEASE.jar:2.3.5.RELEASE]
	at org.springframework.boot.SpringApplication.run(SpringApplication.java:315) [spring-boot-2.3.5.RELEASE.jar:2.3.5.RELEASE]
	at org.springframework.boot.SpringApplication.run(SpringApplication.java:1237) [spring-boot-2.3.5.RELEASE.jar:2.3.5.RELEASE]
	at org.springframework.boot.SpringApplication.run(SpringApplication.java:1226) [spring-boot-2.3.5.RELEASE.jar:2.3.5.RELEASE]
	at com.example.demo.DemoApplication.main(DemoApplication.java:16) [classes/:?]
10:28:18.941 [main] INFO  com.example.demo.DemoApplication - Starting DemoApplication on fengli with PID 14500 (G:\ideaProjects\springbootSSM\target\classes started by fengli in G:\ideaProjects\springbootSSM)
10:28:18.956 [main] INFO  com.example.demo.DemoApplication - No active profile set, falling back to default profiles: default
10:28:20.498 [main] INFO  org.apache.coyote.http11.Http11NioProtocol - Initializing ProtocolHandler ["http-nio-8080"]
10:28:20.498 [main] INFO  org.apache.catalina.core.StandardService - Starting service [Tomcat]
10:28:20.498 [main] INFO  org.apache.catalina.core.StandardEngine - Starting Servlet engine: [Apache Tomcat/9.0.39]
10:28:20.626 [main] INFO  org.apache.catalina.core.ContainerBase.[Tomcat].[localhost].[/] - Initializing Spring embedded WebApplicationContext
10:28:22.025 [main] INFO  org.apache.catalina.core.StandardService - Stopping service [Tomcat]
10:28:22.027 [main] ERROR org.apache.catalina.core.ContainerBase.[Tomcat].[localhost].[/] - Failed to destroy the filter named [Tomcat WebSocket (JSR356) Filter] of type [org.apache.tomcat.websocket.server.WsFilter]
java.lang.AbstractMethodError: null
	at org.apache.catalina.core.ApplicationFilterConfig.release(ApplicationFilterConfig.java:301) [tomcat-embed-core-9.0.39.jar:9.0.39]
	at org.apache.catalina.core.StandardContext.filterStop(StandardContext.java:4598) [tomcat-embed-core-9.0.39.jar:9.0.39]
	at org.apache.catalina.core.StandardContext.stopInternal(StandardContext.java:5425) [tomcat-embed-core-9.0.39.jar:9.0.39]
	at org.apache.catalina.util.LifecycleBase.stop(LifecycleBase.java:257) [tomcat-embed-core-9.0.39.jar:9.0.39]
	at org.apache.catalina.core.ContainerBase$StopChild.call(ContainerBase.java:1400) [tomcat-embed-core-9.0.39.jar:9.0.39]
	at org.apache.catalina.core.ContainerBase$StopChild.call(ContainerBase.java:1389) [tomcat-embed-core-9.0.39.jar:9.0.39]
	at java.util.concurrent.FutureTask.run$$$capture(FutureTask.java:266) [?:1.8.0_102]
	at java.util.concurrent.FutureTask.run(FutureTask.java) [?:1.8.0_102]
	at org.apache.tomcat.util.threads.InlineExecutorService.execute(InlineExecutorService.java:75) [tomcat-embed-core-9.0.39.jar:9.0.39]
	at java.util.concurrent.AbstractExecutorService.submit(AbstractExecutorService.java:134) [?:1.8.0_102]
	at org.apache.catalina.core.ContainerBase.stopInternal(ContainerBase.java:976) [tomcat-embed-core-9.0.39.jar:9.0.39]
	at org.apache.catalina.util.LifecycleBase.stop(LifecycleBase.java:257) [tomcat-embed-core-9.0.39.jar:9.0.39]
	at org.apache.catalina.core.ContainerBase$StopChild.call(ContainerBase.java:1400) [tomcat-embed-core-9.0.39.jar:9.0.39]
	at org.apache.catalina.core.ContainerBase$StopChild.call(ContainerBase.java:1389) [tomcat-embed-core-9.0.39.jar:9.0.39]
	at java.util.concurrent.FutureTask.run$$$capture(FutureTask.java:266) [?:1.8.0_102]
	at java.util.concurrent.FutureTask.run(FutureTask.java) [?:1.8.0_102]
	at org.apache.tomcat.util.threads.InlineExecutorService.execute(InlineExecutorService.java:75) [tomcat-embed-core-9.0.39.jar:9.0.39]
	at java.util.concurrent.AbstractExecutorService.submit(AbstractExecutorService.java:134) [?:1.8.0_102]
	at org.apache.catalina.core.ContainerBase.stopInternal(ContainerBase.java:976) [tomcat-embed-core-9.0.39.jar:9.0.39]
	at org.apache.catalina.util.LifecycleBase.stop(LifecycleBase.java:257) [tomcat-embed-core-9.0.39.jar:9.0.39]
	at org.apache.catalina.core.StandardService.stopInternal(StandardService.java:473) [tomcat-embed-core-9.0.39.jar:9.0.39]
	at org.apache.catalina.util.LifecycleBase.stop(LifecycleBase.java:257) [tomcat-embed-core-9.0.39.jar:9.0.39]
	at org.apache.catalina.core.StandardServer.stopInternal(StandardServer.java:992) [tomcat-embed-core-9.0.39.jar:9.0.39]
	at org.apache.catalina.util.LifecycleBase.stop(LifecycleBase.java:257) [tomcat-embed-core-9.0.39.jar:9.0.39]
	at org.apache.catalina.startup.Tomcat.stop(Tomcat.java:496) [tomcat-embed-core-9.0.39.jar:9.0.39]
	at org.springframework.boot.web.embedded.tomcat.TomcatWebServer.stopTomcat(TomcatWebServer.java:273) [spring-boot-2.3.5.RELEASE.jar:2.3.5.RELEASE]
	at org.springframework.boot.web.embedded.tomcat.TomcatWebServer.stop(TomcatWebServer.java:331) [spring-boot-2.3.5.RELEASE.jar:2.3.5.RELEASE]
	at org.springframework.boot.web.servlet.context.ServletWebServerApplicationContext.refresh(ServletWebServerApplicationContext.java:148) [spring-boot-2.3.5.RELEASE.jar:2.3.5.RELEASE]
	at org.springframework.boot.SpringApplication.refresh(SpringApplication.java:758) [spring-boot-2.3.5.RELEASE.jar:2.3.5.RELEASE]
	at org.springframework.boot.SpringApplication.refresh(SpringApplication.java:750) [spring-boot-2.3.5.RELEASE.jar:2.3.5.RELEASE]
	at org.springframework.boot.SpringApplication.refreshContext(SpringApplication.java:405) [spring-boot-2.3.5.RELEASE.jar:2.3.5.RELEASE]
	at org.springframework.boot.SpringApplication.run(SpringApplication.java:315) [spring-boot-2.3.5.RELEASE.jar:2.3.5.RELEASE]
	at org.springframework.boot.SpringApplication.run(SpringApplication.java:1237) [spring-boot-2.3.5.RELEASE.jar:2.3.5.RELEASE]
	at org.springframework.boot.SpringApplication.run(SpringApplication.java:1226) [spring-boot-2.3.5.RELEASE.jar:2.3.5.RELEASE]
	at com.example.demo.DemoApplication.main(DemoApplication.java:16) [classes/:?]
10:28:59.664 [main] INFO  com.example.demo.DemoApplication - Starting DemoApplication on fengli with PID 15048 (G:\ideaProjects\springbootSSM\target\classes started by fengli in G:\ideaProjects\springbootSSM)
10:28:59.674 [main] INFO  com.example.demo.DemoApplication - No active profile set, falling back to default profiles: default
10:29:00.841 [main] INFO  org.apache.coyote.http11.Http11NioProtocol - Initializing ProtocolHandler ["http-nio-8080"]
10:29:00.842 [main] INFO  org.apache.catalina.core.StandardService - Starting service [Tomcat]
10:29:00.842 [main] INFO  org.apache.catalina.core.StandardEngine - Starting Servlet engine: [Apache Tomcat/9.0.39]
10:29:00.944 [main] INFO  org.apache.catalina.core.ContainerBase.[Tomcat].[localhost].[/] - Initializing Spring embedded WebApplicationContext
10:29:01.962 [main] INFO  org.apache.catalina.core.StandardService - Stopping service [Tomcat]
10:29:01.964 [main] ERROR org.apache.catalina.core.ContainerBase.[Tomcat].[localhost].[/] - Failed to destroy the filter named [Tomcat WebSocket (JSR356) Filter] of type [org.apache.tomcat.websocket.server.WsFilter]
java.lang.AbstractMethodError: null
	at org.apache.catalina.core.ApplicationFilterConfig.release(ApplicationFilterConfig.java:301) [tomcat-embed-core-9.0.39.jar:9.0.39]
	at org.apache.catalina.core.StandardContext.filterStop(StandardContext.java:4598) [tomcat-embed-core-9.0.39.jar:9.0.39]
	at org.apache.catalina.core.StandardContext.stopInternal(StandardContext.java:5425) [tomcat-embed-core-9.0.39.jar:9.0.39]
	at org.apache.catalina.util.LifecycleBase.stop(LifecycleBase.java:257) [tomcat-embed-core-9.0.39.jar:9.0.39]
	at org.apache.catalina.core.ContainerBase$StopChild.call(ContainerBase.java:1400) [tomcat-embed-core-9.0.39.jar:9.0.39]
	at org.apache.catalina.core.ContainerBase$StopChild.call(ContainerBase.java:1389) [tomcat-embed-core-9.0.39.jar:9.0.39]
	at java.util.concurrent.FutureTask.run(FutureTask.java:266) [?:1.8.0_102]
	at org.apache.tomcat.util.threads.InlineExecutorService.execute(InlineExecutorService.java:75) [tomcat-embed-core-9.0.39.jar:9.0.39]
	at java.util.concurrent.AbstractExecutorService.submit(AbstractExecutorService.java:134) [?:1.8.0_102]
	at org.apache.catalina.core.ContainerBase.stopInternal(ContainerBase.java:976) [tomcat-embed-core-9.0.39.jar:9.0.39]
	at org.apache.catalina.util.LifecycleBase.stop(LifecycleBase.java:257) [tomcat-embed-core-9.0.39.jar:9.0.39]
	at org.apache.catalina.core.ContainerBase$StopChild.call(ContainerBase.java:1400) [tomcat-embed-core-9.0.39.jar:9.0.39]
	at org.apache.catalina.core.ContainerBase$StopChild.call(ContainerBase.java:1389) [tomcat-embed-core-9.0.39.jar:9.0.39]
	at java.util.concurrent.FutureTask.run(FutureTask.java:266) [?:1.8.0_102]
	at org.apache.tomcat.util.threads.InlineExecutorService.execute(InlineExecutorService.java:75) [tomcat-embed-core-9.0.39.jar:9.0.39]
	at java.util.concurrent.AbstractExecutorService.submit(AbstractExecutorService.java:134) [?:1.8.0_102]
	at org.apache.catalina.core.ContainerBase.stopInternal(ContainerBase.java:976) [tomcat-embed-core-9.0.39.jar:9.0.39]
	at org.apache.catalina.util.LifecycleBase.stop(LifecycleBase.java:257) [tomcat-embed-core-9.0.39.jar:9.0.39]
	at org.apache.catalina.core.StandardService.stopInternal(StandardService.java:473) [tomcat-embed-core-9.0.39.jar:9.0.39]
	at org.apache.catalina.util.LifecycleBase.stop(LifecycleBase.java:257) [tomcat-embed-core-9.0.39.jar:9.0.39]
	at org.apache.catalina.core.StandardServer.stopInternal(StandardServer.java:992) [tomcat-embed-core-9.0.39.jar:9.0.39]
	at org.apache.catalina.util.LifecycleBase.stop(LifecycleBase.java:257) [tomcat-embed-core-9.0.39.jar:9.0.39]
	at org.apache.catalina.startup.Tomcat.stop(Tomcat.java:496) [tomcat-embed-core-9.0.39.jar:9.0.39]
	at org.springframework.boot.web.embedded.tomcat.TomcatWebServer.stopTomcat(TomcatWebServer.java:273) [spring-boot-2.3.5.RELEASE.jar:2.3.5.RELEASE]
	at org.springframework.boot.web.embedded.tomcat.TomcatWebServer.stop(TomcatWebServer.java:331) [spring-boot-2.3.5.RELEASE.jar:2.3.5.RELEASE]
	at org.springframework.boot.web.servlet.context.ServletWebServerApplicationContext.refresh(ServletWebServerApplicationContext.java:148) [spring-boot-2.3.5.RELEASE.jar:2.3.5.RELEASE]
	at org.springframework.boot.SpringApplication.refresh(SpringApplication.java:758) [spring-boot-2.3.5.RELEASE.jar:2.3.5.RELEASE]
	at org.springframework.boot.SpringApplication.refresh(SpringApplication.java:750) [spring-boot-2.3.5.RELEASE.jar:2.3.5.RELEASE]
	at org.springframework.boot.SpringApplication.refreshContext(SpringApplication.java:405) [spring-boot-2.3.5.RELEASE.jar:2.3.5.RELEASE]
	at org.springframework.boot.SpringApplication.run(SpringApplication.java:315) [spring-boot-2.3.5.RELEASE.jar:2.3.5.RELEASE]
	at org.springframework.boot.SpringApplication.run(SpringApplication.java:1237) [spring-boot-2.3.5.RELEASE.jar:2.3.5.RELEASE]
	at org.springframework.boot.SpringApplication.run(SpringApplication.java:1226) [spring-boot-2.3.5.RELEASE.jar:2.3.5.RELEASE]
	at com.example.demo.DemoApplication.main(DemoApplication.java:16) [classes/:?]
10:29:42.823 [main] INFO  com.example.demo.DemoApplication - Starting DemoApplication on fengli with PID 9320 (G:\ideaProjects\springbootSSM\target\classes started by fengli in G:\ideaProjects\springbootSSM)
10:29:42.834 [main] INFO  com.example.demo.DemoApplication - No active profile set, falling back to default profiles: default
10:29:44.439 [main] INFO  org.apache.coyote.http11.Http11NioProtocol - Initializing ProtocolHandler ["http-nio-8080"]
10:29:44.439 [main] INFO  org.apache.catalina.core.StandardService - Starting service [Tomcat]
10:29:44.440 [main] INFO  org.apache.catalina.core.StandardEngine - Starting Servlet engine: [Apache Tomcat/9.0.39]
10:29:44.582 [main] INFO  org.apache.catalina.core.ContainerBase.[Tomcat].[localhost].[/] - Initializing Spring embedded WebApplicationContext
10:29:46.009 [main] INFO  org.apache.coyote.http11.Http11NioProtocol - Starting ProtocolHandler ["http-nio-8080"]
10:29:46.094 [main] WARN  org.apache.activemq.broker.BrokerService - Memory Usage for the Broker (1024mb) is more than the maximum available for the JVM: 247 mb - resetting to 70% of maximum available: 173 mb
10:29:46.114 [main] INFO  org.apache.activemq.broker.BrokerService - Using Persistence Adapter: MemoryPersistenceAdapter
10:29:46.130 [JMX connector] INFO  org.apache.activemq.broker.jmx.ManagementContext - JMX consoles can connect to service:jmx:rmi:///jndi/rmi://localhost:1099/jmxrmi
10:29:46.255 [main] INFO  org.apache.activemq.broker.BrokerService - Apache ActiveMQ 5.15.13 (localhost, ID:fengli-55033-1607480986121-0:1) is starting
10:29:46.259 [main] INFO  org.apache.activemq.broker.BrokerService - Apache ActiveMQ 5.15.13 (localhost, ID:fengli-55033-1607480986121-0:1) started
10:29:46.259 [main] INFO  org.apache.activemq.broker.BrokerService - For help or more information please see: http://activemq.apache.org
10:29:46.316 [main] INFO  org.apache.activemq.broker.TransportConnector - Connector vm://localhost started
10:29:46.370 [main] INFO  com.example.demo.DemoApplication - Started DemoApplication in 4.007 seconds (JVM running for 6.034)
10:30:18.477 [http-nio-8080-exec-1] INFO  org.apache.catalina.core.ContainerBase.[Tomcat].[localhost].[/] - Initializing Spring DispatcherServlet 'dispatcherServlet'
10:31:07.971 [ActiveMQ ShutdownHook] INFO  org.apache.activemq.broker.BrokerService - Apache ActiveMQ 5.15.13 (localhost, ID:fengli-55033-1607480986121-0:1) is shutting down
10:31:07.988 [ActiveMQ ShutdownHook] INFO  org.apache.activemq.broker.TransportConnector - Connector vm://localhost stopped
10:31:07.999 [ActiveMQ ShutdownHook] INFO  org.apache.activemq.broker.BrokerService - Apache ActiveMQ 5.15.13 (localhost, ID:fengli-55033-1607480986121-0:1) uptime 1 minute
10:31:07.999 [ActiveMQ ShutdownHook] INFO  org.apache.activemq.broker.BrokerService - Apache ActiveMQ 5.15.13 (localhost, ID:fengli-55033-1607480986121-0:1) is shutdown
10:31:15.685 [main] INFO  com.example.demo.DemoApplication - Starting DemoApplication on fengli with PID 2920 (G:\ideaProjects\springbootSSM\target\classes started by fengli in G:\ideaProjects\springbootSSM)
10:31:15.701 [main] INFO  com.example.demo.DemoApplication - No active profile set, falling back to default profiles: default
10:31:17.239 [main] INFO  org.apache.coyote.http11.Http11NioProtocol - Initializing ProtocolHandler ["http-nio-8080"]
10:31:17.239 [main] INFO  org.apache.catalina.core.StandardService - Starting service [Tomcat]
10:31:17.239 [main] INFO  org.apache.catalina.core.StandardEngine - Starting Servlet engine: [Apache Tomcat/9.0.39]
10:31:17.357 [main] INFO  org.apache.catalina.core.ContainerBase.[Tomcat].[localhost].[/] - Initializing Spring embedded WebApplicationContext
10:31:18.767 [main] INFO  org.apache.coyote.http11.Http11NioProtocol - Starting ProtocolHandler ["http-nio-8080"]
10:31:18.853 [main] WARN  org.apache.activemq.broker.BrokerService - Memory Usage for the Broker (1024mb) is more than the maximum available for the JVM: 247 mb - resetting to 70% of maximum available: 173 mb
10:31:18.873 [main] INFO  org.apache.activemq.broker.BrokerService - Using Persistence Adapter: MemoryPersistenceAdapter
10:31:18.889 [JMX connector] INFO  org.apache.activemq.broker.jmx.ManagementContext - JMX consoles can connect to service:jmx:rmi:///jndi/rmi://localhost:1099/jmxrmi
10:31:19.016 [main] INFO  org.apache.activemq.broker.BrokerService - Apache ActiveMQ 5.15.13 (localhost, ID:fengli-55115-1607481078880-0:1) is starting
10:31:19.021 [main] INFO  org.apache.activemq.broker.BrokerService - Apache ActiveMQ 5.15.13 (localhost, ID:fengli-55115-1607481078880-0:1) started
10:31:19.021 [main] INFO  org.apache.activemq.broker.BrokerService - For help or more information please see: http://activemq.apache.org
10:31:19.097 [main] INFO  org.apache.activemq.broker.TransportConnector - Connector vm://localhost started
10:31:19.153 [main] INFO  com.example.demo.DemoApplication - Started DemoApplication in 3.937 seconds (JVM running for 5.633)
10:31:24.574 [http-nio-8080-exec-1] INFO  org.apache.catalina.core.ContainerBase.[Tomcat].[localhost].[/] - Initializing Spring DispatcherServlet 'dispatcherServlet'
10:31:46.549 [ActiveMQ ShutdownHook] INFO  org.apache.activemq.broker.BrokerService - Apache ActiveMQ 5.15.13 (localhost, ID:fengli-55115-1607481078880-0:1) is shutting down
10:31:46.568 [ActiveMQ ShutdownHook] INFO  org.apache.activemq.broker.TransportConnector - Connector vm://localhost stopped
10:31:46.579 [ActiveMQ ShutdownHook] INFO  org.apache.activemq.broker.BrokerService - Apache ActiveMQ 5.15.13 (localhost, ID:fengli-55115-1607481078880-0:1) uptime 27.734 seconds
10:31:46.579 [ActiveMQ ShutdownHook] INFO  org.apache.activemq.broker.BrokerService - Apache ActiveMQ 5.15.13 (localhost, ID:fengli-55115-1607481078880-0:1) is shutdown
10:31:56.170 [main] INFO  com.example.demo.DemoApplication - Starting DemoApplication on fengli with PID 2352 (G:\ideaProjects\springbootSSM\target\classes started by fengli in G:\ideaProjects\springbootSSM)
10:31:56.185 [main] INFO  com.example.demo.DemoApplication - No active profile set, falling back to default profiles: default
10:31:57.897 [main] INFO  org.apache.coyote.http11.Http11NioProtocol - Initializing ProtocolHandler ["http-nio-8080"]
10:31:57.898 [main] INFO  org.apache.catalina.core.StandardService - Starting service [Tomcat]
10:31:57.898 [main] INFO  org.apache.catalina.core.StandardEngine - Starting Servlet engine: [Apache Tomcat/9.0.39]
10:31:58.046 [main] INFO  org.apache.catalina.core.ContainerBase.[Tomcat].[localhost].[/] - Initializing Spring embedded WebApplicationContext
10:31:59.503 [main] INFO  org.apache.coyote.http11.Http11NioProtocol - Starting ProtocolHandler ["http-nio-8080"]
10:31:59.591 [main] WARN  org.apache.activemq.broker.BrokerService - Memory Usage for the Broker (1024mb) is more than the maximum available for the JVM: 247 mb - resetting to 70% of maximum available: 173 mb
10:31:59.621 [main] INFO  org.apache.activemq.broker.BrokerService - Using Persistence Adapter: MemoryPersistenceAdapter
10:31:59.641 [JMX connector] INFO  org.apache.activemq.broker.jmx.ManagementContext - JMX consoles can connect to service:jmx:rmi:///jndi/rmi://localhost:1099/jmxrmi
10:31:59.770 [main] INFO  org.apache.activemq.broker.BrokerService - Apache ActiveMQ 5.15.13 (localhost, ID:fengli-55164-1607481119633-0:1) is starting
10:31:59.776 [main] INFO  org.apache.activemq.broker.BrokerService - Apache ActiveMQ 5.15.13 (localhost, ID:fengli-55164-1607481119633-0:1) started
10:31:59.776 [main] INFO  org.apache.activemq.broker.BrokerService - For help or more information please see: http://activemq.apache.org
10:31:59.829 [main] INFO  org.apache.activemq.broker.TransportConnector - Connector vm://localhost started
10:31:59.879 [main] INFO  com.example.demo.DemoApplication - Started DemoApplication in 4.175 seconds (JVM running for 5.89)
10:32:03.302 [http-nio-8080-exec-1] INFO  org.apache.catalina.core.ContainerBase.[Tomcat].[localhost].[/] - Initializing Spring DispatcherServlet 'dispatcherServlet'
10:32:59.393 [ActiveMQ ShutdownHook] INFO  org.apache.activemq.broker.BrokerService - Apache ActiveMQ 5.15.13 (localhost, ID:fengli-55164-1607481119633-0:1) is shutting down
10:32:59.410 [ActiveMQ ShutdownHook] INFO  org.apache.activemq.broker.TransportConnector - Connector vm://localhost stopped
10:32:59.422 [ActiveMQ ShutdownHook] INFO  org.apache.activemq.broker.BrokerService - Apache ActiveMQ 5.15.13 (localhost, ID:fengli-55164-1607481119633-0:1) uptime 59.840 seconds
10:32:59.422 [ActiveMQ ShutdownHook] INFO  org.apache.activemq.broker.BrokerService - Apache ActiveMQ 5.15.13 (localhost, ID:fengli-55164-1607481119633-0:1) is shutdown
10:33:07.010 [main] INFO  com.example.demo.DemoApplication - Starting DemoApplication on fengli with PID 9484 (G:\ideaProjects\springbootSSM\target\classes started by fengli in G:\ideaProjects\springbootSSM)
10:33:07.029 [main] INFO  com.example.demo.DemoApplication - No active profile set, falling back to default profiles: default
10:33:08.731 [main] INFO  org.apache.coyote.http11.Http11NioProtocol - Initializing ProtocolHandler ["http-nio-8080"]
10:33:08.732 [main] INFO  org.apache.catalina.core.StandardService - Starting service [Tomcat]
10:33:08.732 [main] INFO  org.apache.catalina.core.StandardEngine - Starting Servlet engine: [Apache Tomcat/9.0.39]
10:33:08.867 [main] INFO  org.apache.catalina.core.ContainerBase.[Tomcat].[localhost].[/] - Initializing Spring embedded WebApplicationContext
10:33:10.408 [main] INFO  org.apache.coyote.http11.Http11NioProtocol - Starting ProtocolHandler ["http-nio-8080"]
10:33:10.496 [main] WARN  org.apache.activemq.broker.BrokerService - Memory Usage for the Broker (1024mb) is more than the maximum available for the JVM: 247 mb - resetting to 70% of maximum available: 173 mb
10:33:10.515 [main] INFO  org.apache.activemq.broker.BrokerService - Using Persistence Adapter: MemoryPersistenceAdapter
10:33:10.531 [JMX connector] INFO  org.apache.activemq.broker.jmx.ManagementContext - JMX consoles can connect to service:jmx:rmi:///jndi/rmi://localhost:1099/jmxrmi
10:33:10.662 [main] INFO  org.apache.activemq.broker.BrokerService - Apache ActiveMQ 5.15.13 (localhost, ID:fengli-55226-1607481190522-0:1) is starting
10:33:10.667 [main] INFO  org.apache.activemq.broker.BrokerService - Apache ActiveMQ 5.15.13 (localhost, ID:fengli-55226-1607481190522-0:1) started
10:33:10.667 [main] INFO  org.apache.activemq.broker.BrokerService - For help or more information please see: http://activemq.apache.org
10:33:10.730 [main] INFO  org.apache.activemq.broker.TransportConnector - Connector vm://localhost started
10:33:10.832 [main] INFO  com.example.demo.DemoApplication - Started DemoApplication in 4.328 seconds (JVM running for 6.186)
10:33:22.392 [http-nio-8080-exec-1] INFO  org.apache.catalina.core.ContainerBase.[Tomcat].[localhost].[/] - Initializing Spring DispatcherServlet 'dispatcherServlet'
10:34:13.971 [ActiveMQ ShutdownHook] INFO  org.apache.activemq.broker.BrokerService - Apache ActiveMQ 5.15.13 (localhost, ID:fengli-55226-1607481190522-0:1) is shutting down
10:34:13.989 [ActiveMQ ShutdownHook] INFO  org.apache.activemq.broker.TransportConnector - Connector vm://localhost stopped
10:34:14.001 [ActiveMQ ShutdownHook] INFO  org.apache.activemq.broker.BrokerService - Apache ActiveMQ 5.15.13 (localhost, ID:fengli-55226-1607481190522-0:1) uptime 1 minute
10:34:14.002 [ActiveMQ ShutdownHook] INFO  org.apache.activemq.broker.BrokerService - Apache ActiveMQ 5.15.13 (localhost, ID:fengli-55226-1607481190522-0:1) is shutdown
10:34:24.132 [main] INFO  com.example.demo.DemoApplication - Starting DemoApplication on fengli with PID 13800 (G:\ideaProjects\springbootSSM\target\classes started by fengli in G:\ideaProjects\springbootSSM)
10:34:24.144 [main] INFO  com.example.demo.DemoApplication - No active profile set, falling back to default profiles: default
10:34:25.565 [main] INFO  org.apache.coyote.http11.Http11NioProtocol - Initializing ProtocolHandler ["http-nio-8080"]
10:34:25.566 [main] INFO  org.apache.catalina.core.StandardService - Starting service [Tomcat]
10:34:25.566 [main] INFO  org.apache.catalina.core.StandardEngine - Starting Servlet engine: [Apache Tomcat/9.0.39]
10:34:25.687 [main] INFO  org.apache.catalina.core.ContainerBase.[Tomcat].[localhost].[/] - Initializing Spring embedded WebApplicationContext
10:34:26.888 [main] INFO  org.apache.coyote.http11.Http11NioProtocol - Starting ProtocolHandler ["http-nio-8080"]
10:34:26.955 [main] WARN  org.apache.activemq.broker.BrokerService - Memory Usage for the Broker (1024mb) is more than the maximum available for the JVM: 247 mb - resetting to 70% of maximum available: 173 mb
10:34:26.968 [main] INFO  org.apache.activemq.broker.BrokerService - Using Persistence Adapter: MemoryPersistenceAdapter
10:34:26.978 [JMX connector] INFO  org.apache.activemq.broker.jmx.ManagementContext - JMX consoles can connect to service:jmx:rmi:///jndi/rmi://localhost:1099/jmxrmi
10:34:27.120 [main] INFO  org.apache.activemq.broker.BrokerService - Apache ActiveMQ 5.15.13 (localhost, ID:fengli-55307-1607481266973-0:1) is starting
10:34:27.124 [main] INFO  org.apache.activemq.broker.BrokerService - Apache ActiveMQ 5.15.13 (localhost, ID:fengli-55307-1607481266973-0:1) started
10:34:27.124 [main] INFO  org.apache.activemq.broker.BrokerService - For help or more information please see: http://activemq.apache.org
10:34:27.161 [main] INFO  org.apache.activemq.broker.TransportConnector - Connector vm://localhost started
10:34:27.210 [main] INFO  com.example.demo.DemoApplication - Started DemoApplication in 3.458 seconds (JVM running for 4.93)
10:36:54.153 [main] INFO  com.example.demo.DemoApplication - Starting DemoApplication on fengli with PID 4864 (G:\ideaProjects\springbootSSM\target\classes started by fengli in G:\ideaProjects\springbootSSM)
10:36:54.164 [main] INFO  com.example.demo.DemoApplication - No active profile set, falling back to default profiles: default
10:36:55.384 [main] INFO  org.apache.coyote.http11.Http11NioProtocol - Initializing ProtocolHandler ["http-nio-8080"]
10:36:55.384 [main] INFO  org.apache.catalina.core.StandardService - Starting service [Tomcat]
10:36:55.385 [main] INFO  org.apache.catalina.core.StandardEngine - Starting Servlet engine: [Apache Tomcat/9.0.39]
10:36:55.485 [main] INFO  org.apache.catalina.core.ContainerBase.[Tomcat].[localhost].[/] - Initializing Spring embedded WebApplicationContext
10:36:56.490 [main] INFO  org.apache.catalina.core.StandardService - Stopping service [Tomcat]
10:36:56.491 [main] ERROR org.apache.catalina.core.ContainerBase.[Tomcat].[localhost].[/] - Failed to destroy the filter named [Tomcat WebSocket (JSR356) Filter] of type [org.apache.tomcat.websocket.server.WsFilter]
java.lang.AbstractMethodError: null
	at org.apache.catalina.core.ApplicationFilterConfig.release(ApplicationFilterConfig.java:301) [tomcat-embed-core-9.0.39.jar:9.0.39]
	at org.apache.catalina.core.StandardContext.filterStop(StandardContext.java:4598) [tomcat-embed-core-9.0.39.jar:9.0.39]
	at org.apache.catalina.core.StandardContext.stopInternal(StandardContext.java:5425) [tomcat-embed-core-9.0.39.jar:9.0.39]
	at org.apache.catalina.util.LifecycleBase.stop(LifecycleBase.java:257) [tomcat-embed-core-9.0.39.jar:9.0.39]
	at org.apache.catalina.core.ContainerBase$StopChild.call(ContainerBase.java:1400) [tomcat-embed-core-9.0.39.jar:9.0.39]
	at org.apache.catalina.core.ContainerBase$StopChild.call(ContainerBase.java:1389) [tomcat-embed-core-9.0.39.jar:9.0.39]
	at java.util.concurrent.FutureTask.run(FutureTask.java:266) [?:1.8.0_102]
	at org.apache.tomcat.util.threads.InlineExecutorService.execute(InlineExecutorService.java:75) [tomcat-embed-core-9.0.39.jar:9.0.39]
	at java.util.concurrent.AbstractExecutorService.submit(AbstractExecutorService.java:134) [?:1.8.0_102]
	at org.apache.catalina.core.ContainerBase.stopInternal(ContainerBase.java:976) [tomcat-embed-core-9.0.39.jar:9.0.39]
	at org.apache.catalina.util.LifecycleBase.stop(LifecycleBase.java:257) [tomcat-embed-core-9.0.39.jar:9.0.39]
	at org.apache.catalina.core.ContainerBase$StopChild.call(ContainerBase.java:1400) [tomcat-embed-core-9.0.39.jar:9.0.39]
	at org.apache.catalina.core.ContainerBase$StopChild.call(ContainerBase.java:1389) [tomcat-embed-core-9.0.39.jar:9.0.39]
	at java.util.concurrent.FutureTask.run(FutureTask.java:266) [?:1.8.0_102]
	at org.apache.tomcat.util.threads.InlineExecutorService.execute(InlineExecutorService.java:75) [tomcat-embed-core-9.0.39.jar:9.0.39]
	at java.util.concurrent.AbstractExecutorService.submit(AbstractExecutorService.java:134) [?:1.8.0_102]
	at org.apache.catalina.core.ContainerBase.stopInternal(ContainerBase.java:976) [tomcat-embed-core-9.0.39.jar:9.0.39]
	at org.apache.catalina.util.LifecycleBase.stop(LifecycleBase.java:257) [tomcat-embed-core-9.0.39.jar:9.0.39]
	at org.apache.catalina.core.StandardService.stopInternal(StandardService.java:473) [tomcat-embed-core-9.0.39.jar:9.0.39]
	at org.apache.catalina.util.LifecycleBase.stop(LifecycleBase.java:257) [tomcat-embed-core-9.0.39.jar:9.0.39]
	at org.apache.catalina.core.StandardServer.stopInternal(StandardServer.java:992) [tomcat-embed-core-9.0.39.jar:9.0.39]
	at org.apache.catalina.util.LifecycleBase.stop(LifecycleBase.java:257) [tomcat-embed-core-9.0.39.jar:9.0.39]
	at org.apache.catalina.startup.Tomcat.stop(Tomcat.java:496) [tomcat-embed-core-9.0.39.jar:9.0.39]
	at org.springframework.boot.web.embedded.tomcat.TomcatWebServer.stopTomcat(TomcatWebServer.java:273) [spring-boot-2.3.5.RELEASE.jar:2.3.5.RELEASE]
	at org.springframework.boot.web.embedded.tomcat.TomcatWebServer.stop(TomcatWebServer.java:331) [spring-boot-2.3.5.RELEASE.jar:2.3.5.RELEASE]
	at org.springframework.boot.web.servlet.context.ServletWebServerApplicationContext.refresh(ServletWebServerApplicationContext.java:148) [spring-boot-2.3.5.RELEASE.jar:2.3.5.RELEASE]
	at org.springframework.boot.SpringApplication.refresh(SpringApplication.java:758) [spring-boot-2.3.5.RELEASE.jar:2.3.5.RELEASE]
	at org.springframework.boot.SpringApplication.refresh(SpringApplication.java:750) [spring-boot-2.3.5.RELEASE.jar:2.3.5.RELEASE]
	at org.springframework.boot.SpringApplication.refreshContext(SpringApplication.java:405) [spring-boot-2.3.5.RELEASE.jar:2.3.5.RELEASE]
	at org.springframework.boot.SpringApplication.run(SpringApplication.java:315) [spring-boot-2.3.5.RELEASE.jar:2.3.5.RELEASE]
	at org.springframework.boot.SpringApplication.run(SpringApplication.java:1237) [spring-boot-2.3.5.RELEASE.jar:2.3.5.RELEASE]
	at org.springframework.boot.SpringApplication.run(SpringApplication.java:1226) [spring-boot-2.3.5.RELEASE.jar:2.3.5.RELEASE]
	at com.example.demo.DemoApplication.main(DemoApplication.java:16) [classes/:?]
10:52:00.066 [main] INFO  com.example.demo.DemoApplication - Starting DemoApplication on fengli with PID 1908 (G:\ideaProjects\springbootSSM\target\classes started by fengli in G:\ideaProjects\springbootSSM)
10:52:00.077 [main] INFO  com.example.demo.DemoApplication - No active profile set, falling back to default profiles: default
10:52:01.467 [main] INFO  org.apache.coyote.http11.Http11NioProtocol - Initializing ProtocolHandler ["http-nio-8080"]
10:52:01.468 [main] INFO  org.apache.catalina.core.StandardService - Starting service [Tomcat]
10:52:01.468 [main] INFO  org.apache.catalina.core.StandardEngine - Starting Servlet engine: [Apache Tomcat/9.0.39]
10:52:01.595 [main] INFO  org.apache.catalina.core.ContainerBase.[Tomcat].[localhost].[/] - Initializing Spring embedded WebApplicationContext
10:52:02.698 [main] INFO  org.apache.catalina.core.StandardService - Stopping service [Tomcat]
10:52:02.700 [main] ERROR org.apache.catalina.core.ContainerBase.[Tomcat].[localhost].[/] - Failed to destroy the filter named [Tomcat WebSocket (JSR356) Filter] of type [org.apache.tomcat.websocket.server.WsFilter]
java.lang.AbstractMethodError: null
	at org.apache.catalina.core.ApplicationFilterConfig.release(ApplicationFilterConfig.java:301) [tomcat-embed-core-9.0.39.jar:9.0.39]
	at org.apache.catalina.core.StandardContext.filterStop(StandardContext.java:4598) [tomcat-embed-core-9.0.39.jar:9.0.39]
	at org.apache.catalina.core.StandardContext.stopInternal(StandardContext.java:5425) [tomcat-embed-core-9.0.39.jar:9.0.39]
	at org.apache.catalina.util.LifecycleBase.stop(LifecycleBase.java:257) [tomcat-embed-core-9.0.39.jar:9.0.39]
	at org.apache.catalina.core.ContainerBase$StopChild.call(ContainerBase.java:1400) [tomcat-embed-core-9.0.39.jar:9.0.39]
	at org.apache.catalina.core.ContainerBase$StopChild.call(ContainerBase.java:1389) [tomcat-embed-core-9.0.39.jar:9.0.39]
	at java.util.concurrent.FutureTask.run(FutureTask.java:266) [?:1.8.0_102]
	at org.apache.tomcat.util.threads.InlineExecutorService.execute(InlineExecutorService.java:75) [tomcat-embed-core-9.0.39.jar:9.0.39]
	at java.util.concurrent.AbstractExecutorService.submit(AbstractExecutorService.java:134) [?:1.8.0_102]
	at org.apache.catalina.core.ContainerBase.stopInternal(ContainerBase.java:976) [tomcat-embed-core-9.0.39.jar:9.0.39]
	at org.apache.catalina.util.LifecycleBase.stop(LifecycleBase.java:257) [tomcat-embed-core-9.0.39.jar:9.0.39]
	at org.apache.catalina.core.ContainerBase$StopChild.call(ContainerBase.java:1400) [tomcat-embed-core-9.0.39.jar:9.0.39]
	at org.apache.catalina.core.ContainerBase$StopChild.call(ContainerBase.java:1389) [tomcat-embed-core-9.0.39.jar:9.0.39]
	at java.util.concurrent.FutureTask.run(FutureTask.java:266) [?:1.8.0_102]
	at org.apache.tomcat.util.threads.InlineExecutorService.execute(InlineExecutorService.java:75) [tomcat-embed-core-9.0.39.jar:9.0.39]
	at java.util.concurrent.AbstractExecutorService.submit(AbstractExecutorService.java:134) [?:1.8.0_102]
	at org.apache.catalina.core.ContainerBase.stopInternal(ContainerBase.java:976) [tomcat-embed-core-9.0.39.jar:9.0.39]
	at org.apache.catalina.util.LifecycleBase.stop(LifecycleBase.java:257) [tomcat-embed-core-9.0.39.jar:9.0.39]
	at org.apache.catalina.core.StandardService.stopInternal(StandardService.java:473) [tomcat-embed-core-9.0.39.jar:9.0.39]
	at org.apache.catalina.util.LifecycleBase.stop(LifecycleBase.java:257) [tomcat-embed-core-9.0.39.jar:9.0.39]
	at org.apache.catalina.core.StandardServer.stopInternal(StandardServer.java:992) [tomcat-embed-core-9.0.39.jar:9.0.39]
	at org.apache.catalina.util.LifecycleBase.stop(LifecycleBase.java:257) [tomcat-embed-core-9.0.39.jar:9.0.39]
	at org.apache.catalina.startup.Tomcat.stop(Tomcat.java:496) [tomcat-embed-core-9.0.39.jar:9.0.39]
	at org.springframework.boot.web.embedded.tomcat.TomcatWebServer.stopTomcat(TomcatWebServer.java:273) [spring-boot-2.3.5.RELEASE.jar:2.3.5.RELEASE]
	at org.springframework.boot.web.embedded.tomcat.TomcatWebServer.stop(TomcatWebServer.java:331) [spring-boot-2.3.5.RELEASE.jar:2.3.5.RELEASE]
	at org.springframework.boot.web.servlet.context.ServletWebServerApplicationContext.refresh(ServletWebServerApplicationContext.java:148) [spring-boot-2.3.5.RELEASE.jar:2.3.5.RELEASE]
	at org.springframework.boot.SpringApplication.refresh(SpringApplication.java:758) [spring-boot-2.3.5.RELEASE.jar:2.3.5.RELEASE]
	at org.springframework.boot.SpringApplication.refresh(SpringApplication.java:750) [spring-boot-2.3.5.RELEASE.jar:2.3.5.RELEASE]
	at org.springframework.boot.SpringApplication.refreshContext(SpringApplication.java:405) [spring-boot-2.3.5.RELEASE.jar:2.3.5.RELEASE]
	at org.springframework.boot.SpringApplication.run(SpringApplication.java:315) [spring-boot-2.3.5.RELEASE.jar:2.3.5.RELEASE]
	at org.springframework.boot.SpringApplication.run(SpringApplication.java:1237) [spring-boot-2.3.5.RELEASE.jar:2.3.5.RELEASE]
	at org.springframework.boot.SpringApplication.run(SpringApplication.java:1226) [spring-boot-2.3.5.RELEASE.jar:2.3.5.RELEASE]
	at com.example.demo.DemoApplication.main(DemoApplication.java:16) [classes/:?]
11:05:23.698 [main] INFO  com.example.demo.DemoApplication - Starting DemoApplication on fengli with PID 4688 (G:\ideaProjects\springbootSSM\target\classes started by fengli in G:\ideaProjects\springbootSSM)
11:05:23.709 [main] INFO  com.example.demo.DemoApplication - No active profile set, falling back to default profiles: default
11:05:25.049 [main] INFO  org.apache.coyote.http11.Http11NioProtocol - Initializing ProtocolHandler ["http-nio-8080"]
11:05:25.049 [main] INFO  org.apache.catalina.core.StandardService - Starting service [Tomcat]
11:05:25.049 [main] INFO  org.apache.catalina.core.StandardEngine - Starting Servlet engine: [Apache Tomcat/9.0.39]
11:05:25.162 [main] INFO  org.apache.catalina.core.ContainerBase.[Tomcat].[localhost].[/] - Initializing Spring embedded WebApplicationContext
11:05:26.310 [main] INFO  org.apache.coyote.http11.Http11NioProtocol - Starting ProtocolHandler ["http-nio-8080"]
11:05:26.380 [main] WARN  org.apache.activemq.broker.BrokerService - Memory Usage for the Broker (1024mb) is more than the maximum available for the JVM: 247 mb - resetting to 70% of maximum available: 173 mb
11:05:26.394 [main] INFO  org.apache.activemq.broker.BrokerService - Using Persistence Adapter: MemoryPersistenceAdapter
11:05:26.404 [JMX connector] INFO  org.apache.activemq.broker.jmx.ManagementContext - JMX consoles can connect to service:jmx:rmi:///jndi/rmi://localhost:1099/jmxrmi
11:05:26.535 [main] INFO  org.apache.activemq.broker.BrokerService - Apache ActiveMQ 5.15.13 (localhost, ID:fengli-57144-1607483126399-0:1) is starting
11:05:26.540 [main] INFO  org.apache.activemq.broker.BrokerService - Apache ActiveMQ 5.15.13 (localhost, ID:fengli-57144-1607483126399-0:1) started
11:05:26.541 [main] INFO  org.apache.activemq.broker.BrokerService - For help or more information please see: http://activemq.apache.org
11:05:26.581 [main] INFO  org.apache.activemq.broker.TransportConnector - Connector vm://localhost started
11:05:26.622 [main] INFO  com.example.demo.DemoApplication - Started DemoApplication in 3.338 seconds (JVM running for 4.788)
11:05:42.533 [http-nio-8080-exec-1] INFO  org.apache.catalina.core.ContainerBase.[Tomcat].[localhost].[/] - Initializing Spring DispatcherServlet 'dispatcherServlet'
11:33:22.390 [main] INFO  com.example.demo.DemoApplication - Starting DemoApplication on fengli with PID 14568 (G:\ideaProjects\springbootSSM\target\classes started by fengli in G:\ideaProjects\springbootSSM)
11:33:22.407 [main] INFO  com.example.demo.DemoApplication - No active profile set, falling back to default profiles: default
11:33:24.146 [main] INFO  org.apache.coyote.http11.Http11NioProtocol - Initializing ProtocolHandler ["http-nio-8080"]
11:33:24.147 [main] INFO  org.apache.catalina.core.StandardService - Starting service [Tomcat]
11:33:24.147 [main] INFO  org.apache.catalina.core.StandardEngine - Starting Servlet engine: [Apache Tomcat/9.0.39]
11:33:24.299 [main] INFO  org.apache.catalina.core.ContainerBase.[Tomcat].[localhost].[/] - Initializing Spring embedded WebApplicationContext
11:33:25.720 [main] INFO  org.apache.coyote.http11.Http11NioProtocol - Starting ProtocolHandler ["http-nio-8080"]
11:33:25.807 [main] WARN  org.apache.activemq.broker.BrokerService - Memory Usage for the Broker (1024mb) is more than the maximum available for the JVM: 247 mb - resetting to 70% of maximum available: 173 mb
11:33:25.827 [main] INFO  org.apache.activemq.broker.BrokerService - Using Persistence Adapter: MemoryPersistenceAdapter
11:33:25.845 [JMX connector] INFO  org.apache.activemq.broker.jmx.ManagementContext - JMX consoles can connect to service:jmx:rmi:///jndi/rmi://localhost:1099/jmxrmi
11:33:25.995 [main] INFO  org.apache.activemq.broker.BrokerService - Apache ActiveMQ 5.15.13 (localhost, ID:fengli-58424-1607484805834-0:1) is starting
11:33:26.000 [main] INFO  org.apache.activemq.broker.BrokerService - Apache ActiveMQ 5.15.13 (localhost, ID:fengli-58424-1607484805834-0:1) started
11:33:26.000 [main] INFO  org.apache.activemq.broker.BrokerService - For help or more information please see: http://activemq.apache.org
11:33:26.034 [main] INFO  org.apache.activemq.broker.TransportConnector - Connector vm://localhost started
11:33:26.098 [main] INFO  com.example.demo.DemoApplication - Started DemoApplication in 4.29 seconds (JVM running for 6.075)
11:33:38.068 [http-nio-8080-exec-1] INFO  org.apache.catalina.core.ContainerBase.[Tomcat].[localhost].[/] - Initializing Spring DispatcherServlet 'dispatcherServlet'
11:34:06.021 [ActiveMQ ShutdownHook] INFO  org.apache.activemq.broker.BrokerService - Apache ActiveMQ 5.15.13 (localhost, ID:fengli-58424-1607484805834-0:1) is shutting down
11:34:06.037 [ActiveMQ ShutdownHook] INFO  org.apache.activemq.broker.TransportConnector - Connector vm://localhost stopped
11:34:06.052 [ActiveMQ ShutdownHook] INFO  org.apache.activemq.broker.BrokerService - Apache ActiveMQ 5.15.13 (localhost, ID:fengli-58424-1607484805834-0:1) uptime 40.252 seconds
11:34:06.052 [ActiveMQ ShutdownHook] INFO  org.apache.activemq.broker.BrokerService - Apache ActiveMQ 5.15.13 (localhost, ID:fengli-58424-1607484805834-0:1) is shutdown
11:34:06.222 [scheduling-1] WARN  org.apache.activemq.broker.BrokerService - Memory Usage for the Broker (1024mb) is more than the maximum available for the JVM: 247 mb - resetting to 70% of maximum available: 173 mb
11:34:06.227 [scheduling-1] INFO  org.apache.activemq.broker.BrokerService - Using Persistence Adapter: MemoryPersistenceAdapter
11:34:06.228 [scheduling-1] ERROR org.apache.activemq.broker.BrokerService - Failed to start Apache ActiveMQ (localhost, null)
java.lang.IllegalStateException: Shutdown in progress
	at java.lang.ApplicationShutdownHooks.add(ApplicationShutdownHooks.java:66) ~[?:1.8.0_102]
	at java.lang.Runtime.addShutdownHook(Runtime.java:211) ~[?:1.8.0_102]
	at org.apache.activemq.broker.BrokerService.addShutdownHook(BrokerService.java:2558) ~[activemq-broker-5.15.13.jar:5.15.13]
	at org.apache.activemq.broker.BrokerService.doStartBroker(BrokerService.java:746) ~[activemq-broker-5.15.13.jar:5.15.13]
	at org.apache.activemq.broker.BrokerService.startBroker(BrokerService.java:739) ~[activemq-broker-5.15.13.jar:5.15.13]
	at org.apache.activemq.broker.BrokerService.start(BrokerService.java:642) [activemq-broker-5.15.13.jar:5.15.13]
	at org.apache.activemq.transport.vm.VMTransportFactory.doCompositeConnect(VMTransportFactory.java:127) [activemq-broker-5.15.13.jar:5.15.13]
	at org.apache.activemq.transport.vm.VMTransportFactory.doConnect(VMTransportFactory.java:56) [activemq-broker-5.15.13.jar:5.15.13]
	at org.apache.activemq.transport.TransportFactory.connect(TransportFactory.java:65) [activemq-client-5.15.13.jar:5.15.13]
	at org.apache.activemq.ActiveMQConnectionFactory.createTransport(ActiveMQConnectionFactory.java:331) [activemq-client-5.15.13.jar:5.15.13]
	at org.apache.activemq.ActiveMQConnectionFactory.createActiveMQConnection(ActiveMQConnectionFactory.java:346) [activemq-client-5.15.13.jar:5.15.13]
	at org.apache.activemq.ActiveMQConnectionFactory.createActiveMQConnection(ActiveMQConnectionFactory.java:304) [activemq-client-5.15.13.jar:5.15.13]
	at org.apache.activemq.ActiveMQConnectionFactory.createConnection(ActiveMQConnectionFactory.java:244) [activemq-client-5.15.13.jar:5.15.13]
	at org.springframework.jms.connection.SingleConnectionFactory.doCreateConnection(SingleConnectionFactory.java:409) [spring-jms-5.2.10.RELEASE.jar:5.2.10.RELEASE]
	at org.springframework.jms.connection.SingleConnectionFactory.initConnection(SingleConnectionFactory.java:349) [spring-jms-5.2.10.RELEASE.jar:5.2.10.RELEASE]
	at org.springframework.jms.connection.SingleConnectionFactory.getConnection(SingleConnectionFactory.java:327) [spring-jms-5.2.10.RELEASE.jar:5.2.10.RELEASE]
	at org.springframework.jms.connection.SingleConnectionFactory.createConnection(SingleConnectionFactory.java:242) [spring-jms-5.2.10.RELEASE.jar:5.2.10.RELEASE]
	at org.springframework.jms.support.JmsAccessor.createConnection(JmsAccessor.java:196) [spring-jms-5.2.10.RELEASE.jar:5.2.10.RELEASE]
	at org.springframework.jms.core.JmsTemplate.execute(JmsTemplate.java:494) [spring-jms-5.2.10.RELEASE.jar:5.2.10.RELEASE]
	at org.springframework.jms.core.JmsTemplate.send(JmsTemplate.java:576) [spring-jms-5.2.10.RELEASE.jar:5.2.10.RELEASE]
	at org.springframework.jms.core.JmsMessagingTemplate.doSend(JmsMessagingTemplate.java:356) [spring-jms-5.2.10.RELEASE.jar:5.2.10.RELEASE]
	at org.springframework.jms.core.JmsMessagingTemplate.doSend(JmsMessagingTemplate.java:48) [spring-jms-5.2.10.RELEASE.jar:5.2.10.RELEASE]
	at org.springframework.messaging.core.AbstractMessageSendingTemplate.send(AbstractMessageSendingTemplate.java:109) [spring-messaging-5.2.10.RELEASE.jar:5.2.10.RELEASE]
	at org.springframework.messaging.core.AbstractMessageSendingTemplate.convertAndSend(AbstractMessageSendingTemplate.java:151) [spring-messaging-5.2.10.RELEASE.jar:5.2.10.RELEASE]
	at org.springframework.messaging.core.AbstractMessageSendingTemplate.convertAndSend(AbstractMessageSendingTemplate.java:129) [spring-messaging-5.2.10.RELEASE.jar:5.2.10.RELEASE]
	at org.springframework.messaging.core.AbstractMessageSendingTemplate.convertAndSend(AbstractMessageSendingTemplate.java:122) [spring-messaging-5.2.10.RELEASE.jar:5.2.10.RELEASE]
	at com.example.demo.controller.QueueController.send(QueueController.java:37) [classes/:?]
	at sun.reflect.NativeMethodAccessorImpl.invoke0(Native Method) ~[?:1.8.0_102]
	at sun.reflect.NativeMethodAccessorImpl.invoke(NativeMethodAccessorImpl.java:62) ~[?:1.8.0_102]
	at sun.reflect.DelegatingMethodAccessorImpl.invoke(DelegatingMethodAccessorImpl.java:43) ~[?:1.8.0_102]
	at java.lang.reflect.Method.invoke(Method.java:498) ~[?:1.8.0_102]
	at org.springframework.scheduling.support.ScheduledMethodRunnable.run(ScheduledMethodRunnable.java:84) [spring-context-5.2.10.RELEASE.jar:5.2.10.RELEASE]
	at org.springframework.scheduling.support.DelegatingErrorHandlingRunnable.run(DelegatingErrorHandlingRunnable.java:54) [spring-context-5.2.10.RELEASE.jar:5.2.10.RELEASE]
	at java.util.concurrent.Executors$RunnableAdapter.call(Executors.java:511) [?:1.8.0_102]
	at java.util.concurrent.FutureTask.runAndReset$$$capture(FutureTask.java:308) [?:1.8.0_102]
	at java.util.concurrent.FutureTask.runAndReset(FutureTask.java) [?:1.8.0_102]
	at java.util.concurrent.ScheduledThreadPoolExecutor$ScheduledFutureTask.access$301(ScheduledThreadPoolExecutor.java:180) [?:1.8.0_102]
	at java.util.concurrent.ScheduledThreadPoolExecutor$ScheduledFutureTask.run(ScheduledThreadPoolExecutor.java:294) [?:1.8.0_102]
	at java.util.concurrent.ThreadPoolExecutor.runWorker(ThreadPoolExecutor.java:1142) [?:1.8.0_102]
	at java.util.concurrent.ThreadPoolExecutor$Worker.run(ThreadPoolExecutor.java:617) [?:1.8.0_102]
	at java.lang.Thread.run(Thread.java:745) [?:1.8.0_102]
11:34:06.230 [JMX connector] INFO  org.apache.activemq.broker.jmx.ManagementContext - JMX consoles can connect to service:jmx:rmi:///jndi/rmi://localhost:1099/jmxrmi
11:34:06.231 [scheduling-1] INFO  org.apache.activemq.broker.BrokerService - Apache ActiveMQ 5.15.13 (localhost, null) is shutting down
11:34:06.234 [scheduling-1] INFO  org.apache.activemq.broker.BrokerService - Apache ActiveMQ 5.15.13 (localhost, null) uptime 0.011 seconds
11:34:06.234 [scheduling-1] INFO  org.apache.activemq.broker.BrokerService - Apache ActiveMQ 5.15.13 (localhost, null) is shutdown
11:54:22.512 [main] INFO  com.example.demo.DemoApplicationTests - Starting DemoApplicationTests on fengli with PID 6448 (started by fengli in G:\ideaProjects\springbootSSM)
11:54:22.516 [main] INFO  com.example.demo.DemoApplicationTests - No active profile set, falling back to default profiles: default
11:54:26.736 [main] WARN  org.apache.activemq.broker.BrokerService - Memory Usage for the Broker (1024mb) is more than the maximum available for the JVM: 247 mb - resetting to 70% of maximum available: 173 mb
11:54:27.274 [main] INFO  org.apache.activemq.broker.BrokerService - Using Persistence Adapter: MemoryPersistenceAdapter
11:54:27.301 [JMX connector] INFO  org.apache.activemq.broker.jmx.ManagementContext - JMX consoles can connect to service:jmx:rmi:///jndi/rmi://localhost:1099/jmxrmi
11:54:27.440 [main] INFO  org.apache.activemq.broker.BrokerService - Apache ActiveMQ 5.15.13 (localhost, ID:fengli-59569-1607486067295-0:1) is starting
11:54:27.447 [main] INFO  org.apache.activemq.broker.BrokerService - Apache ActiveMQ 5.15.13 (localhost, ID:fengli-59569-1607486067295-0:1) started
11:54:27.447 [main] INFO  org.apache.activemq.broker.BrokerService - For help or more information please see: http://activemq.apache.org
11:54:27.479 [main] INFO  org.apache.activemq.broker.TransportConnector - Connector vm://localhost started
11:54:27.547 [main] INFO  com.example.demo.DemoApplicationTests - Started DemoApplicationTests in 5.337 seconds (JVM running for 7.205)
11:54:28.032 [ActiveMQ ShutdownHook] INFO  org.apache.activemq.broker.BrokerService - Apache ActiveMQ 5.15.13 (localhost, ID:fengli-59569-1607486067295-0:1) is shutting down
11:54:28.052 [ActiveMQ ShutdownHook] INFO  org.apache.activemq.broker.TransportConnector - Connector vm://localhost stopped
11:54:28.070 [ActiveMQ ShutdownHook] INFO  org.apache.activemq.broker.BrokerService - Apache ActiveMQ 5.15.13 (localhost, ID:fengli-59569-1607486067295-0:1) uptime 1.344 seconds
11:54:28.070 [ActiveMQ ShutdownHook] INFO  org.apache.activemq.broker.BrokerService - Apache ActiveMQ 5.15.13 (localhost, ID:fengli-59569-1607486067295-0:1) is shutdown
11:55:05.654 [main] INFO  com.example.demo.DemoApplicationTests - Starting DemoApplicationTests on fengli with PID 5596 (started by fengli in G:\ideaProjects\springbootSSM)
11:55:05.661 [main] INFO  com.example.demo.DemoApplicationTests - No active profile set, falling back to default profiles: default
11:55:09.496 [main] WARN  org.apache.activemq.broker.BrokerService - Memory Usage for the Broker (1024mb) is more than the maximum available for the JVM: 247 mb - resetting to 70% of maximum available: 173 mb
11:55:10.022 [main] INFO  org.apache.activemq.broker.BrokerService - Using Persistence Adapter: MemoryPersistenceAdapter
11:55:10.062 [JMX connector] INFO  org.apache.activemq.broker.jmx.ManagementContext - JMX consoles can connect to service:jmx:rmi:///jndi/rmi://localhost:1099/jmxrmi
11:55:10.214 [main] INFO  org.apache.activemq.broker.BrokerService - Apache ActiveMQ 5.15.13 (localhost, ID:fengli-59610-1607486110060-0:1) is starting
11:55:10.221 [main] INFO  org.apache.activemq.broker.BrokerService - Apache ActiveMQ 5.15.13 (localhost, ID:fengli-59610-1607486110060-0:1) started
11:55:10.221 [main] INFO  org.apache.activemq.broker.BrokerService - For help or more information please see: http://activemq.apache.org
11:55:10.257 [main] INFO  org.apache.activemq.broker.TransportConnector - Connector vm://localhost started
11:55:10.322 [main] INFO  com.example.demo.DemoApplicationTests - Started DemoApplicationTests in 4.912 seconds (JVM running for 6.603)
11:55:10.623 [ActiveMQ ShutdownHook] INFO  org.apache.activemq.broker.BrokerService - Apache ActiveMQ 5.15.13 (localhost, ID:fengli-59610-1607486110060-0:1) is shutting down
11:55:10.642 [ActiveMQ ShutdownHook] INFO  org.apache.activemq.broker.TransportConnector - Connector vm://localhost stopped
11:55:10.658 [ActiveMQ ShutdownHook] INFO  org.apache.activemq.broker.BrokerService - Apache ActiveMQ 5.15.13 (localhost, ID:fengli-59610-1607486110060-0:1) uptime 1.168 seconds
11:55:10.658 [ActiveMQ ShutdownHook] INFO  org.apache.activemq.broker.BrokerService - Apache ActiveMQ 5.15.13 (localhost, ID:fengli-59610-1607486110060-0:1) is shutdown
12:42:58.331 [main] INFO  com.example.demo.DemoApplication - Starting DemoApplication on fengli with PID 10856 (G:\ideaProjects\springbootSSM\target\classes started by fengli in G:\ideaProjects\springbootSSM)
12:42:58.340 [main] INFO  com.example.demo.DemoApplication - No active profile set, falling back to default profiles: default
12:42:59.653 [main] INFO  org.apache.coyote.http11.Http11NioProtocol - Initializing ProtocolHandler ["http-nio-8080"]
12:42:59.654 [main] INFO  org.apache.catalina.core.StandardService - Starting service [Tomcat]
12:42:59.654 [main] INFO  org.apache.catalina.core.StandardEngine - Starting Servlet engine: [Apache Tomcat/9.0.39]
12:42:59.774 [main] INFO  org.apache.catalina.core.ContainerBase.[Tomcat].[localhost].[/] - Initializing Spring embedded WebApplicationContext
12:43:00.966 [main] INFO  org.apache.coyote.http11.Http11NioProtocol - Starting ProtocolHandler ["http-nio-8080"]
12:43:01.241 [main] INFO  com.example.demo.DemoApplication - Started DemoApplication in 3.332 seconds (JVM running for 4.77)
12:43:24.118 [http-nio-8080-exec-1] INFO  org.apache.catalina.core.ContainerBase.[Tomcat].[localhost].[/] - Initializing Spring DispatcherServlet 'dispatcherServlet'
